0.00	0.00	-3.13	0.00
-0.18	0.00	-3.13	-135.24
-0.38	-7.70	-3.13	-18.34
-0.57	-9.60	-3.13	-2.44
-0.79	-9.86	-3.14	-0.47
-0.99	-10.75	-3.14	-0.31
-1.19	-10.01	-3.14	-0.18
-1.41	-9.91	-3.15	-0.17
-1.60	-10.75	-3.15	-0.16
-1.80	-10.01	-3.15	-0.20
-2.00	-9.91	-3.15	-0.12
-2.20	-9.90	-3.16	-0.01
-2.41	-10.75	-3.16	-0.13
-2.61	-10.01	-3.16	-0.15
-2.81	-9.91	-3.16	-0.02
-3.01	-9.90	-3.16	-0.12
-3.21	-9.90	-3.16	-0.03
-3.40	-9.90	-3.16	-0.01
-3.60	-9.90	-3.17	-0.13
-3.80	-9.90	-3.16	-0.02
-4.02	-9.90	-3.17	-0.01
-4.22	-10.75	-3.16	0.00
-4.41	-10.01	-3.16	-0.01
-4.61	-9.91	-3.16	0.02
-4.81	-9.90	-3.16	0.00
-5.01	-9.90	-3.16	0.11
-5.21	-9.90	-3.16	0.03
-5.42	-10.75	-3.16	0.00
-5.62	-10.01	-3.16	0.15
-5.82	-9.91	-3.15	0.14
-6.02	-9.90	-3.15	0.15
-6.23	-9.90	-3.15	0.15
-6.43	-10.75	-3.14	0.15
-6.63	-10.01	-3.14	0.17
-6.83	-9.91	-3.14	0.14
-7.03	-9.90	-3.13	0.16
-7.22	-9.90	-3.13	0.10
-7.42	-9.90	-3.13	0.19
-7.62	-9.90	-3.13	0.17
-7.84	-9.90	-3.12	0.24
-8.04	-10.75	-3.12	0.23
-8.23	-10.01	-3.11	0.08
-8.43	-9.91	-3.11	0.22
-8.63	-9.90	-3.11	0.02
-8.83	-9.90	-3.11	0.14
-9.03	-9.90	-3.10	0.14
-9.22	-9.90	-3.10	0.15
-9.42	-9.90	-3.10	0.15
-9.62	-9.90	-3.10	0.03
-9.84	-10.75	-3.09	0.13
-10.03	-10.01	-3.09	0.16
-10.23	-9.91	-3.09	0.02
-10.43	-9.90	-3.09	-0.01
-10.63	-9.90	-3.09	0.14
-10.83	-9.90	-3.09	0.02
-11.02	-9.90	-3.09	-0.01
-11.22	-9.90	-3.09	0.02
-11.42	-9.90	-3.09	-0.01
-11.62	-9.90	-3.09	0.00
-11.82	-9.90	-3.09	0.00
-12.01	-9.90	-3.09	-0.00
-12.21	-9.90	-3.09	-0.00
-12.41	-9.90	-3.09	-0.00
-12.61	-10.75	-3.09	0.01
-12.83	-9.16	-3.09	-0.02
-13.02	-10.65	-3.10	-0.13
-13.22	-10.00	-3.10	-0.17
-13.42	-9.91	-3.10	-0.14
-13.62	-9.90	-3.11	-0.15
-13.81	-9.90	-3.11	-0.15
-14.01	-9.90	-3.11	-0.15
-14.21	-9.90	-3.12	-0.16
-14.41	-9.90	-3.12	-0.15
-14.61	-9.90	-3.12	-0.13
-14.82	-9.90	-3.13	-0.17
-15.02	-10.75	-3.13	-0.17
-15.22	-10.01	-3.13	-0.14
-15.42	-9.91	-3.13	-0.15
-15.62	-9.90	-3.14	-0.15
-15.81	-9.90	-3.14	-0.15
-16.01	-9.90	-3.14	-0.02
-16.21	-9.90	-3.14	-0.14
-16.41	-9.90	-3.15	-0.16
-16.63	-9.90	-3.15	-0.14
-16.82	-10.75	-3.15	-0.01
-17.02	-10.01	-3.15	-0.15
-17.22	-9.91	-3.15	-0.00
-17.42	-9.90	-3.15	-0.13
-17.63	-10.75	-3.15	-0.02
-17.83	-10.01	-3.16	-0.00
-18.03	-9.91	-3.16	-0.13
-18.23	-9.90	-3.16	-0.03
-18.43	-9.90	-3.16	0.00
-18.64	-10.75	-3.16	-0.00
-18.84	-10.01	-3.16	-0.01
-19.04	-9.91	-3.16	0.02
-19.24	-9.90	-3.16	-0.01
-19.44	-9.90	-3.16	0.01
-19.63	-9.90	-3.16	-0.00
-19.83	-9.90	-3.15	0.00
-20.05	-9.90	-3.15	0.06
-20.25	-10.75	-3.15	0.07
-20.45	-10.01	-3.15	0.15
-20.64	-9.91	-3.15	0.16
-20.84	-9.90	-3.14	0.03
-21.04	-9.90	-3.14	0.12
-21.26	-10.75	-3.14	0.15
-21.43	-10.01	-3.13	0.15
-21.59	-9.06	-3.13	0.16
0.00	-8.07	-3.13	0.15
-0.02	932.49	-3.12	0.03
0.46	125.31	-3.11	0.38
1.07	37.49	-3.09	0.74
1.68	31.60	-3.07	0.91
2.28	30.80	-3.06	0.66
2.89	29.84	-3.04	0.74
3.48	30.56	-3.02	0.77
4.10	30.66	-3.01	1.01
4.69	30.68	-3.00	0.68
5.32	29.82	-2.98	0.61
5.92	30.56	-2.97	0.74
6.53	29.81	-2.96	0.47
7.13	30.56	-2.95	0.63
7.74	30.66	-2.95	0.49
8.35	29.82	-2.94	0.33
8.95	30.56	-2.93	0.30
9.54	29.81	-2.93	0.31
10.15	30.56	-2.93	0.17
10.75	29.81	-2.93	0.17
11.34	29.70	-2.93	0.01
11.95	30.55	-2.93	0.00
12.55	29.80	-2.93	-0.00
13.16	29.70	-2.93	-0.13
13.76	30.55	-2.94	-0.16
14.37	29.80	-2.95	-0.28
14.96	30.56	-2.96	-0.44
15.58	29.81	-2.97	-0.46
16.19	30.56	-2.98	-0.59
16.78	30.66	-2.99	-0.47
17.40	29.82	-3.01	-0.60
18.01	30.56	-3.02	-0.76
18.60	30.66	-3.04	-0.61
19.22	30.68	-3.05	-0.77
19.81	29.82	-3.07	-0.74
20.41	29.71	-3.08	-0.76
20.46	30.55	-3.11	-0.90
20.48	5.84	-3.14	-1.31
20.45	1.65	-3.17	-1.36
20.45	-1.49	-3.20	-1.51
20.46	-0.20	-3.23	-1.41
20.45	0.83	-3.25	-1.38
20.45	-0.74	-3.27	-1.24
20.45	-0.10	-3.30	-1.22
20.45	-0.01	-3.32	-1.25
20.45	-0.00	-3.35	-1.21
20.45	-0.00	-3.37	-1.10
20.45	-0.00	-3.39	-1.07
20.45	-0.00	-3.40	-1.00
20.45	-0.00	-3.41	-0.74
20.45	-0.00	-3.43	-0.64
20.45	-0.00	-3.44	-0.73
20.45	-0.00	-3.45	-0.50
20.45	-0.00	-3.45	-0.47
20.45	-0.00	-3.46	-0.19
20.45	-0.00	-3.46	-0.29
20.45	-0.00	-3.46	-0.05
20.45	-0.00	-3.46	0.01
20.45	-0.00	-3.45	-0.01
20.45	-0.00	-3.44	0.26
0.00	-0.00	-3.43	0.43
0.00	-883.95	-3.42	0.61
0.00	-119.60	-3.40	0.60
0.00	-16.18	-3.38	0.75
0.00	-2.19	-3.36	0.90
0.00	-0.30	-3.33	1.18
0.00	-0.04	-3.30	1.25
0.00	-0.01	-3.27	1.60
0.00	-0.00	-3.23	1.70
0.00	-0.00	-3.19	1.81
0.00	-0.00	-3.15	1.98
0.00	-0.00	-3.11	2.00
0.00	-0.00	-3.07	1.99
0.00	-0.00	-3.03	1.98
0.00	-0.00	-2.98	2.13
0.00	-0.00	-2.94	2.12
0.00	-0.00	-2.89	2.18
0.00	-0.00	-2.85	2.36
0.00	-0.00	-2.81	2.10
0.00	-0.00	-2.77	2.14
0.00	-0.00	-2.73	2.01
0.00	-0.00	-2.69	1.98
0.00	-0.00	-2.65	2.01
0.00	-0.00	-2.61	1.99
0.00	-0.00	-2.57	2.14
0.00	-0.00	-2.53	2.01
0.00	-0.00	-2.49	1.87
0.00	-0.00	-2.46	1.96
0.00	-0.00	-2.42	1.72
0.00	-0.00	-2.39	1.83
0.00	-0.00	-2.35	1.73
0.00	-0.00	-2.32	1.54
0.00	-0.00	-2.30	1.53
0.00	-0.00	-2.27	1.41
0.00	-0.00	-2.24	1.39
0.00	-0.00	-2.22	1.39
0.00	-0.00	-2.19	1.24
0.00	-0.00	-2.17	1.10
0.00	-0.00	-2.15	1.21
0.00	-0.00	-2.13	1.09
0.00	-0.00	-2.11	1.06
0.00	-0.00	-2.09	0.94
0.00	-0.00	-2.07	1.02
0.00	-0.00	-2.05	0.96
0.00	-0.00	-2.04	0.80
0.00	-0.00	-2.02	0.90
0.00	-0.00	-2.00	0.79
0.00	-0.00	-1.99	0.76
0.00	-0.00	-1.97	0.91
0.00	-0.00	-1.95	0.91
0.00	-0.00	-1.92	1.03
0.00	-0.00	-1.90	1.08
0.00	-0.00	-1.88	1.05
0.00	-0.00	-1.85	1.22
0.00	-0.00	-1.83	1.24
0.00	-0.00	-1.81	1.22
0.00	-0.00	-1.78	1.23
0.00	-0.00	-1.75	1.22
0.00	-0.00	-1.73	1.35
0.00	-0.00	-1.70	1.39
0.00	-0.00	-1.67	1.37
0.00	-0.00	-1.65	1.38
0.00	-0.00	-1.62	1.29
0.00	-0.00	-1.59	1.33
0.00	-0.00	-1.57	1.37
0.00	-0.00	-1.54	1.25
0.00	-0.00	-1.51	1.36
0.00	-0.00	-1.48	1.39
0.00	-0.00	-1.46	1.38
0.00	-0.00	-1.43	1.37
0.00	-0.00	-1.40	1.38
0.00	-0.00	-1.37	1.38
0.00	-0.00	-1.34	1.38
0.00	-0.00	-1.31	1.51
0.00	-0.00	-1.28	1.54
0.00	-0.00	-1.25	1.55
0.00	-0.00	-1.22	1.52
0.00	-0.00	-1.19	1.53
0.00	-0.00	-1.15	1.54
0.00	-0.00	-1.12	1.67
0.00	-0.00	-1.09	1.58
0.00	-0.00	-1.06	1.64
0.00	-0.00	-1.03	1.68
0.00	-0.00	-0.99	1.63
0.00	-0.00	-0.96	1.60
0.00	-0.00	-0.93	1.54
0.00	-0.00	-0.90	1.54
0.00	-0.00	-0.87	1.53
0.00	-0.00	-0.84	1.54
0.00	-0.00	-0.81	1.53
0.00	-0.00	-0.79	1.27
0.00	-0.00	-0.76	1.29
0.00	-0.00	-0.73	1.40
0.00	-0.00	-0.70	1.42
0.00	-0.00	-0.68	1.38
0.00	-0.00	-0.66	1.25
0.00	-0.00	-0.63	1.23
0.00	-0.00	-0.60	1.38
0.00	-0.00	-0.58	1.23
0.00	-0.00	-0.55	1.23
0.00	-0.00	-0.53	1.23
0.00	-0.00	-0.51	1.23
0.00	-0.00	-0.48	1.10
0.00	-0.00	-0.46	1.20
0.00	-0.00	-0.44	1.09
0.00	-0.00	-0.41	1.20
0.00	-0.00	-0.39	1.10
0.00	-0.00	-0.37	1.08
0.00	-0.00	-0.35	1.07
0.00	-0.00	-0.34	0.95
0.00	-0.00	-0.32	1.05
0.00	-0.00	-0.30	0.81
0.00	-0.00	-0.28	0.90
0.00	-0.00	-0.27	0.92
0.00	-0.00	-0.25	0.79
0.00	-0.00	-0.24	0.73
0.00	-0.00	-0.22	0.80
0.00	-0.00	-0.21	0.63
0.00	-0.00	-0.20	0.75
0.00	-0.00	-0.18	0.53
0.00	-0.00	-0.17	0.71
0.00	-0.00	-0.16	0.49
0.00	-0.00	-0.15	0.59
0.00	-0.00	-0.14	0.48
0.00	-0.00	-0.13	0.46
0.00	-0.00	-0.13	0.46
0.00	-0.00	-0.12	0.33
0.00	-0.00	-0.11	0.32
0.00	-0.00	-0.11	0.31
0.00	-0.00	-0.10	0.33
0.00	-0.00	-0.10	0.28
0.00	-0.00	-0.09	0.19
-0.04	-1.71	-0.09	0.32
-0.20	-6.88	-0.07	0.29
-0.48	-12.11	-0.07	0.45
-0.85	-15.62	-0.05	0.57
-1.31	-19.23	-0.04	0.61
-1.78	-21.00	-0.02	0.69
-2.32	-22.63	-0.01	0.67
-2.83	-22.78	0.01	0.57
-3.34	-21.93	0.02	0.58
-3.80	-18.49	0.03	0.56
-4.20	-16.71	0.04	0.44
-4.53	-14.11	0.05	0.41
-4.79	-11.50	0.06	0.29
-4.97	-7.91	0.06	0.16
-5.05	-3.57	0.06	0.02
-5.07	-0.92	0.06	0.03
-4.95	5.12	0.06	0.01
-4.75	8.65	0.06	0.03
-4.43	12.99	0.06	-0.25
-4.06	16.61	0.05	-0.39
-3.60	19.13	0.04	-0.38
-3.13	21.00	0.03	-0.52
-2.61	21.78	0.02	-0.39
-2.12	21.91	0.00	-0.50
-1.62	20.94	-0.01	-0.52
-1.19	18.47	-0.02	-0.40
-0.79	17.57	-0.03	-0.38
-0.46	14.01	-0.03	-0.23
-0.20	10.64	-0.04	-0.24
-0.02	8.01	-0.04	-0.07
0.06	3.57	-0.04	0.02
0.06	0.07	-0.04	0.03
-0.02	-3.42	-0.04	0.02
-0.18	-6.91	-0.04	0.16
-0.42	-9.54	-0.03	0.26
-0.69	-12.27	-0.03	0.29
-1.05	-14.89	-0.02	0.43
-1.43	-16.53	-0.01	0.42
-1.82	-17.42	0.00	0.43
-2.22	-17.43	0.01	0.41
-2.59	-16.58	0.02	0.42
-2.93	-14.85	0.03	0.43
-3.25	-12.37	0.04	0.31
-3.48	-10.61	0.04	0.32
-3.70	-8.75	0.04	0.15
-3.84	-6.27	0.05	0.16
-3.92	-3.54	0.05	0.04
-3.92	-0.06	0.05	0.03
-3.84	3.42	0.05	0.12
-3.64	8.62	0.05	0.03
-3.38	11.28	0.05	-0.11
-3.05	14.75	0.04	-0.24
-2.65	17.38	0.04	-0.39
-2.22	19.14	0.03	-0.44
-1.74	20.89	0.02	-0.39
-1.27	20.92	0.01	-0.33
-0.79	20.18	-0.00	-0.39
-0.36	18.34	-0.01	-0.36
0.02	16.71	-0.02	-0.25
0.38	14.11	-0.02	-0.24
0.67	13.21	-0.03	-0.25
0.91	10.51	-0.04	-0.22
1.09	7.89	-0.04	-0.12
1.19	4.42	-0.04	-0.11
1.19	0.08	-0.04	0.05
1.13	-2.57	-0.04	0.02
0.99	-6.04	-0.04	0.03
0.77	-9.52	-0.04	0.17
0.48	-13.01	-0.03	0.28
0.10	-14.90	-0.03	0.29
-0.30	-17.50	-0.02	0.38
-0.73	-19.15	-0.01	0.43
-1.17	-19.18	0.00	0.45
-1.62	-19.18	0.01	0.42
-2.04	-18.44	0.02	0.44
-2.45	-17.45	0.03	0.41
-2.81	-15.84	0.04	0.43
-3.11	-13.13	0.05	0.41
-3.34	-9.65	0.05	0.28
-3.48	-5.43	0.06	0.14
-3.52	-1.93	0.06	0.03
-3.48	1.68	0.06	-0.01
-3.36	5.16	0.06	0.03
-3.15	8.65	0.06	-0.01
-2.87	12.25	0.05	-0.14
-2.47	17.34	0.05	-0.25
-2.00	20.00	0.04	-0.39
-1.50	21.87	0.03	-0.27
-0.95	23.62	0.02	-0.38
-0.38	25.25	0.01	-0.52
0.20	25.28	0.00	-0.40
0.77	24.42	-0.01	-0.54
1.33	23.67	-0.02	-0.39
1.82	21.94	-0.03	-0.39
2.28	19.34	-0.04	-0.28
2.67	17.47	-0.04	-0.25
2.99	14.01	-0.05	-0.25
3.25	10.52	-0.05	-0.26
3.38	6.30	-0.06	-0.12
3.44	2.68	-0.06	-0.20
3.40	-1.66	-0.06	0.03
3.29	-5.16	-0.06	0.02
3.07	-8.65	-0.06	0.03
2.75	-13.11	-0.06	0.15
2.34	-18.33	-0.05	0.29
1.82	-22.58	-0.04	0.29
1.23	-25.23	-0.03	0.32
0.61	-26.25	-0.02	0.43
0.02	-25.41	-0.01	0.45
-0.59	-27.11	-0.00	0.43
-1.25	-27.88	0.01	0.43
-1.82	-25.44	0.02	0.43
-2.39	-24.43	0.02	0.30
-2.93	-23.67	0.03	0.42
-3.44	-21.94	0.04	0.30
-3.90	-19.23	0.04	0.28
-4.29	-16.73	0.05	0.16
-4.61	-14.11	0.05	0.21
-4.89	-12.24	0.05	0.15
-5.11	-9.64	0.05	0.04
-5.26	-6.28	0.05	0.03
-5.36	-4.39	0.05	0.00
-5.40	-1.79	0.05	0.02
-5.38	0.82	0.05	-0.13
-5.28	4.29	0.04	-0.24
-5.13	6.92	0.04	-0.25
-4.95	7.83	0.03	-0.38
-4.75	8.70	0.02	-0.25
-4.53	8.72	0.02	-0.25
-4.33	8.83	0.01	-0.38
-4.14	8.72	0.00	-0.26
-3.98	7.01	-0.00	-0.25
-3.84	6.12	-0.01	-0.16
-3.76	3.53	-0.01	-0.23
-3.72	1.78	-0.02	-0.12
-3.72	0.03	-0.02	-0.11
-3.78	-2.57	-0.02	0.01
-3.90	-5.18	-0.02	0.02
-4.08	-7.80	-0.02	0.02
-4.31	-10.41	-0.02	0.01
-4.61	-12.17	-0.02	0.17
-4.95	-14.89	-0.01	0.15
-5.36	-17.39	-0.00	0.18
-5.76	-16.69	0.00	0.16
-6.14	-16.68	0.00	0.16
-6.49	-14.85	0.01	0.31
-6.85	-15.79	0.02	0.37
-7.22	-15.69	0.03	0.29
-7.58	-15.81	0.03	0.30
-7.90	-13.98	0.04	0.15
-8.17	-11.38	0.04	0.15
-8.41	-10.59	0.04	0.30
-8.61	-8.75	0.05	0.17
-8.77	-7.01	0.05	0.15
-8.89	-5.26	0.05	0.15
-8.93	-1.81	0.05	0.02
-8.91	0.82	0.05	0.02
-8.83	3.44	0.05	0.02
-8.69	5.20	0.05	0.02
-8.51	7.91	0.05	0.01
-8.25	11.27	0.05	-0.11
-7.94	13.90	0.04	-0.25
-7.58	15.66	0.04	-0.24
-7.18	17.40	0.03	-0.26
-6.77	17.43	0.03	-0.29
-6.35	17.55	0.02	-0.41
-5.94	18.41	0.01	-0.25
-5.52	18.31	0.00	-0.24
-5.13	17.45	-0.00	-0.24
-4.77	15.72	-0.00	-0.12
-4.43	14.09	-0.01	-0.25
-4.14	12.24	-0.02	-0.26
-3.90	9.75	-0.02	-0.11
-3.72	8.00	-0.02	-0.12
-3.60	5.28	-0.02	0.02
-3.54	2.66	-0.02	0.04
-3.52	0.90	-0.02	0.02
-3.56	-1.69	-0.02	0.02
-3.66	-4.31	-0.02	0.02
-3.84	-7.04	-0.02	0.15
-4.08	-10.40	-0.01	0.27
-4.35	-11.31	-0.01	0.29
-4.65	-13.16	-0.00	0.36
-4.97	-13.93	0.00	0.29
-5.32	-15.66	0.01	0.24
-5.68	-14.83	0.02	0.26
-6.00	-14.08	0.02	0.27
-6.29	-13.09	0.03	0.16
-6.57	-12.22	0.03	0.18
-6.77	-8.78	0.03	0.16
-6.95	-7.86	0.04	0.14
-7.09	-6.13	0.04	0.15
-7.16	-3.54	0.04	0.04
-7.22	-2.63	0.04	0.02
-7.22	-0.05	0.04	0.02
-7.20	0.85	0.04	0.03
-7.13	2.58	0.04	0.01
-7.03	4.44	0.04	-0.01
-6.87	6.93	0.04	0.01
-6.65	8.68	0.04	-0.13
-6.41	10.54	0.03	-0.26
-6.12	12.29	0.03	-0.13
-5.80	13.06	0.02	-0.25
-5.48	14.05	0.02	-0.25
-5.15	14.80	0.01	-0.25
-4.83	13.96	0.00	-0.25
-4.51	13.09	0.00	-0.12
-4.26	11.48	-0.00	-0.23
-4.02	10.48	-0.01	-0.06
-3.80	8.75	-0.01	-0.13
-3.66	6.27	-0.01	-0.12
-3.56	4.39	-0.01	0.01
-3.50	2.65	-0.01	0.04
-3.48	0.90	-0.01	0.01
-3.50	-0.84	-0.01	0.03
-3.56	-2.58	-0.01	0.04
-3.68	-5.18	-0.01	0.03
-3.84	-6.08	-0.01	0.16
-4.04	-7.93	-0.01	0.18
-4.28	-9.67	-0.00	0.31
-4.55	-11.42	0.00	0.15
-4.83	-12.30	0.01	0.29
-5.13	-13.06	0.01	0.12
-5.42	-13.07	0.02	0.35
-5.70	-12.22	0.02	0.29
-6.00	-13.06	0.03	0.17
-6.25	-10.62	0.04	0.17
-6.53	-12.17	0.04	0.17
-6.71	-7.92	0.04	0.29
-6.89	-7.85	0.04	0.32
-7.03	-6.13	0.05	0.34
-7.20	-7.81	0.05	0.07
-7.36	-6.99	0.05	0.02
-7.46	-4.41	0.05	0.03
-7.44	0.78	0.05	0.09
-7.38	1.84	0.05	0.05
-7.26	4.31	0.05	-0.19
-7.11	7.04	0.05	0.08
-6.87	10.40	0.04	-0.43
-6.53	14.00	0.04	-0.20
-6.16	16.51	0.03	-0.39
-5.70	19.13	0.03	-0.38
-5.23	20.15	0.02	-0.24
-4.73	21.88	0.01	-0.18
-4.26	20.20	0.00	-0.30
-3.82	19.20	-0.00	-0.29
-3.40	18.32	-0.01	-0.22
-3.03	16.59	-0.01	-0.11
-2.71	14.00	-0.02	-0.29
-2.45	11.38	-0.02	-0.09
-2.26	8.77	-0.03	-0.29
-2.12	5.29	-0.03	-0.12
-2.00	5.35	-0.03	0.03
-1.92	3.52	-0.03	0.04
-1.92	0.06	-0.03	-0.05
-1.96	-1.71	-0.03	0.00
-2.08	-5.17	-0.03	0.16
-2.26	-7.80	-0.03	0.22
-2.57	-13.09	-0.02	0.26
-2.93	-15.64	-0.01	0.26
-3.29	-15.69	-0.01	0.22
-3.68	-15.81	-0.00	0.15
-4.04	-15.81	0.00	0.14
-4.33	-13.13	0.01	0.23
-4.67	-14.05	0.01	0.21
-4.93	-11.38	0.02	0.23
-5.19	-11.33	0.02	0.21
-5.42	-9.62	0.03	0.22
-5.66	-10.56	0.03	0.15
-5.90	-10.46	0.04	0.13
-6.08	-7.89	0.04	-0.08
-6.18	-3.57	0.04	0.05
-6.16	0.67	0.04	0.03
-6.12	1.72	0.04	0.05
-6.04	3.45	0.04	-0.07
-5.90	6.05	0.04	0.00
-5.74	6.96	0.04	0.13
-5.50	9.66	0.03	-0.28
-5.28	9.59	0.03	-0.26
-5.03	11.30	0.02	-0.16
-4.71	13.04	0.02	-0.29
-4.39	14.05	0.01	-0.29
-4.08	13.95	0.00	-0.27
-3.78	13.09	0.00	0.04
-3.54	10.51	-0.00	-0.16
-3.34	8.75	-0.01	-0.37
-3.17	7.86	-0.01	-0.13
-3.01	6.25	-0.02	-0.15
-2.91	4.39	-0.02	-0.03
-2.87	1.79	-0.02	-0.11
-2.89	-0.82	-0.02	-0.18
-2.99	-4.29	-0.02	-0.05
-3.05	-2.65	-0.02	-0.08
-3.17	-5.18	-0.03	-0.02
-3.36	-7.80	-0.02	-0.01
-3.60	-9.67	-0.02	0.09
-3.84	-10.56	-0.02	0.18
-4.16	-13.88	-0.02	0.24
-4.55	-17.37	-0.01	0.16
-4.95	-17.43	-0.00	0.16
-5.36	-17.55	-0.00	0.13
-5.76	-17.44	0.01	0.01
-6.12	-14.87	0.01	0.06
-6.41	-13.22	0.01	0.39
-6.71	-12.22	0.02	0.06
-6.99	-12.32	0.02	0.15
-7.26	-12.21	0.03	0.24
-7.50	-10.49	0.03	0.23
-7.76	-11.32	0.03	0.23
-8.02	-11.33	0.04	0.17
-8.27	-11.33	0.04	0.25
-8.49	-9.62	0.04	0.13
-8.65	-7.02	0.05	0.14
-8.75	-4.41	0.05	0.18
-8.83	-3.50	0.05	-0.03
-8.85	-0.92	0.05	0.03
-8.79	2.55	0.05	-0.02
-8.67	5.18	0.05	0.06
-8.47	8.65	0.05	0.05
-8.21	11.28	0.05	-0.33
-7.90	13.90	0.05	-0.07
-7.48	18.22	0.04	-0.23
-7.05	19.16	0.04	-0.20
-6.59	20.03	0.03	-0.24
-6.12	20.05	0.02	-0.32
-5.68	19.31	0.01	-0.20
-5.24	19.18	0.01	-0.29
-4.81	17.58	0.00	-0.24
-4.43	16.70	-0.00	-0.19
-4.06	15.82	-0.01	-0.17
-3.74	13.98	-0.01	-0.18
-3.46	11.38	-0.02	-0.09
-3.27	8.88	-0.02	-0.02
-3.11	7.01	-0.02	-0.08
-3.01	4.41	-0.02	-0.16
-2.95	2.65	-0.02	0.03
-2.91	1.76	-0.03	-0.10
-2.89	0.89	-0.02	0.11
-2.95	-2.55	-0.02	0.10
-3.07	-5.18	-0.02	0.11
-3.23	-6.94	-0.02	0.12
-3.46	-10.40	-0.01	0.15
-3.76	-12.29	-0.01	0.19
-4.08	-13.92	-0.00	0.25
-4.37	-13.09	0.00	0.23
-4.69	-13.93	0.01	0.23
-4.99	-13.09	0.02	0.32
-5.26	-12.22	0.02	0.01
-5.52	-11.35	0.02	0.22
-5.74	-8.76	0.03	0.20
-5.90	-7.12	0.03	0.15
-6.04	-6.12	0.03	0.05
-6.14	-4.39	0.04	0.07
-6.19	-1.91	0.04	0.05
-6.21	-0.89	0.04	0.05
-6.16	2.55	0.04	-0.00
-6.04	5.18	0.04	0.05
-5.86	7.80	0.04	0.09
-5.64	8.82	0.04	-0.06
-5.38	10.43	0.03	-0.08
-5.11	12.29	0.03	-0.24
-4.79	13.92	0.03	-0.11
-4.49	12.35	0.02	-0.29
-4.14	14.03	0.02	-0.08
-3.78	15.78	0.01	-0.18
-3.42	14.84	0.01	-0.20
-3.09	14.93	0.00	-0.24
-2.77	13.96	-0.00	-0.20
-2.45	13.21	-0.01	-0.17
-2.18	11.37	-0.01	-0.21
-1.96	9.74	-0.01	-0.11
-1.74	9.59	-0.02	-0.03
-1.58	6.17	-0.02	-0.09
-1.46	4.51	-0.02	-0.04
-1.41	2.77	-0.02	0.04
-1.39	0.91	-0.02	-0.08
-1.37	0.87	-0.02	0.03
-1.39	-0.84	-0.02	0.11
-1.48	-4.29	-0.02	0.24
-1.66	-7.78	-0.02	0.09
-1.90	-10.41	-0.01	0.19
-2.20	-12.17	-0.01	0.23
-2.51	-14.03	-0.00	0.43
-2.89	-16.52	0.00	0.28
-3.27	-15.82	0.01	0.35
-3.64	-15.69	0.02	0.31
-3.98	-14.09	0.02	0.19
-4.28	-13.21	0.03	0.24
-4.51	-9.65	0.04	0.22
-4.69	-7.99	0.04	0.30
-4.85	-6.99	0.04	0.11
-4.97	-5.26	0.04	0.08
-5.03	-1.81	0.05	0.09
-5.03	-0.15	0.05	0.11
-4.95	3.42	0.05	0.08
-4.83	5.20	0.05	0.25
-4.65	7.80	0.05	-0.04
-4.43	9.56	0.05	-0.11
-4.16	12.15	0.04	-0.03
-3.82	14.77	0.04	-0.17
-3.44	16.53	0.03	-0.18
-3.03	18.27	0.03	-0.27
-2.59	19.16	0.02	-0.18
-2.16	18.32	0.01	-0.28
-1.72	18.42	0.01	-0.24
-1.31	18.42	0.01	-0.14
-0.87	18.31	-0.00	-0.05
-0.51	15.85	-0.01	-0.20
-0.22	13.13	-0.01	-0.16
0.04	11.36	-0.01	-0.03
0.26	9.62	-0.02	-0.05
0.46	7.88	-0.02	-0.26
0.59	6.25	-0.02	-0.00
0.71	4.39	-0.02	-0.13
0.77	2.76	-0.03	-0.14
0.81	1.76	-0.03	-0.00
0.81	0.03	-0.03	-0.00
0.75	-2.57	-0.03	0.01
0.63	-5.18	-0.03	0.00
0.48	-6.94	-0.03	0.00
0.28	-8.68	-0.02	0.13
0.02	-11.28	-0.02	0.27
-0.26	-12.19	-0.02	0.14
-0.55	-13.06	-0.01	0.27
-0.87	-13.93	-0.00	0.27
-1.21	-13.95	0.00	0.14
-1.52	-13.21	0.01	0.15
-1.78	-11.48	0.01	0.15
-2.00	-9.62	0.02	0.14
-2.20	-7.88	0.02	0.14
-2.36	-7.11	0.02	0.14
-2.49	-6.12	0.02	0.00
-2.59	-4.39	0.02	0.02
-2.63	-1.79	0.02	0.00
-2.63	-0.03	0.02	0.00
-2.59	1.71	0.02	0.00
-2.53	2.60	0.02	0.00
-2.41	4.33	0.02	0.00
-2.30	5.33	0.02	0.00
-2.10	7.06	0.02	-0.13
-1.90	8.80	0.02	-0.15
-1.70	7.98	0.01	-0.14
-1.48	9.56	0.01	-0.14
-1.27	9.59	0.01	-0.14
-1.05	9.59	0.00	-0.14
-0.81	9.59	-0.00	-0.27
-0.61	8.85	-0.01	-0.14
-0.42	8.72	-0.01	-0.14
-0.24	7.86	-0.01	-0.14
-0.08	6.99	-0.02	-0.14
0.04	5.26	-0.02	-0.00
0.14	4.37	-0.02	-0.13
0.20	2.65	-0.02	-0.00
0.24	1.76	-0.02	-0.13
0.24	0.03	-0.02	-0.00
0.20	-1.71	-0.02	-0.00
0.12	-3.45	-0.02	-0.00
0.00	-5.20	-0.02	-0.00
-0.16	-6.09	-0.02	-0.00
-0.34	-7.93	-0.02	-0.00
-0.57	-10.41	-0.02	0.15
-0.81	-10.46	-0.01	0.14
-1.05	-10.46	-0.01	0.14
-1.33	-11.43	-0.01	0.14
-1.60	-12.19	0.00	0.14
-1.90	-12.32	0.00	0.15
-2.16	-10.61	0.01	0.14
-2.41	-11.32	0.01	0.14
-2.65	-10.48	0.02	0.15
-2.85	-7.89	0.02	0.14
-2.99	-6.25	0.02	0.00
-3.13	-6.10	0.02	0.02
-3.21	-2.68	0.02	0.00
-3.25	-1.88	0.02	0.02
-3.25	-0.03	0.02	0.00
-3.17	2.57	0.02	0.00
-3.09	3.59	0.02	0.00
-2.95	5.20	0.02	0.00
-2.79	7.06	0.02	-0.27
-2.61	7.83	0.02	-0.14
-2.39	8.70	0.01	-0.14
-2.20	8.83	0.01	-0.27
-1.98	9.57	0.00	-0.14
-1.76	9.59	-0.00	-0.27
-1.56	8.73	-0.01	-0.27
-1.41	7.01	-0.01	-0.14
-1.27	6.12	-0.02	-0.27
-1.17	4.39	-0.02	-0.14
-1.13	1.79	-0.02	-0.14
-1.11	0.89	-0.03	-0.14
-1.17	-2.55	-0.03	-0.14
-1.29	-5.18	-0.03	-0.00
-1.46	-7.80	-0.03	-0.00
-1.72	-11.27	-0.03	-0.00
-2.02	-13.04	-0.03	-0.00
-2.39	-15.76	-0.03	-0.00
-2.85	-19.23	-0.03	-0.00
-3.36	-22.60	-0.02	0.27
-3.94	-25.23	-0.02	0.14
-4.57	-26.99	-0.02	0.15
-5.19	-26.28	-0.01	0.27
-5.84	-27.98	-0.00	0.27
-6.53	-29.72	0.01	0.40
-7.22	-30.61	0.02	0.67
-7.92	-29.65	0.04	0.54
-8.55	-28.04	0.05	0.56
-9.08	-23.62	0.06	0.54
-9.54	-19.37	0.07	0.29
-9.86	-13.31	0.08	0.27
-10.07	-9.66	0.08	0.16
-10.13	-2.74	0.09	0.14
-10.11	0.81	0.09	0.00
-9.96	6.86	0.09	0.00
-9.66	12.96	0.09	0.00
-9.26	17.35	0.08	-0.13
-8.73	22.57	0.08	-0.27
-8.09	27.06	0.07	-0.40
-7.38	31.42	0.06	-0.54
-6.61	33.95	0.04	-0.54
-5.78	34.97	0.03	-0.67
-4.95	35.84	0.01	-0.68
-4.12	36.71	-0.00	-0.68
-3.31	35.02	-0.02	-0.54
-2.55	31.56	-0.03	-0.67
-1.86	29.79	-0.04	-0.54
-1.29	25.48	-0.05	-0.41
-0.79	21.12	-0.06	-0.41
-0.42	16.65	-0.07	-0.41
-0.16	10.69	-0.07	-0.14
-0.02	6.19	-0.08	-0.27
-0.04	-0.74	-0.08	-0.00
-0.20	-6.86	-0.08	-0.00
-0.49	-12.11	-0.08	-0.00
-0.93	-19.16	-0.07	0.29
-1.52	-26.02	-0.06	0.42
-2.20	-28.71	-0.05	0.41
-2.95	-32.30	-0.04	0.42
-3.72	-33.22	-0.02	0.56
-4.51	-34.10	-0.01	0.54
-5.30	-34.97	0.00	0.56
-6.08	-32.42	0.02	0.54
-6.85	-33.23	0.03	0.54
-7.56	-30.67	0.04	0.56
-8.17	-27.20	0.06	0.41
-8.75	-23.72	0.06	0.42
-9.16	-18.52	0.07	0.27
-9.50	-14.15	0.08	0.16
-9.72	-8.08	0.08	0.14
-9.82	-4.54	0.08	0.02
-9.78	1.63	0.08	0.00
-9.60	7.73	0.08	0.00
-9.34	11.27	0.08	-0.13
-8.95	15.72	0.07	-0.27
-8.47	20.94	0.06	-0.40
-7.90	24.34	0.06	-0.41
-7.28	27.09	0.05	-0.41
-6.61	28.73	0.03	-0.42
-5.96	28.02	0.02	-0.54
-5.30	28.87	0.01	-0.54
-4.65	28.03	-0.00	-0.64
-4.02	27.16	-0.01	-0.49
-3.40	27.02	-0.03	-0.39
-2.87	22.74	-0.04	-0.50
-2.49	16.79	-0.05	-0.41
-2.18	14.00	-0.06	-0.36
-2.00	7.96	-0.06	-0.21
-1.96	1.86	-0.06	-0.11
-2.00	-1.68	-0.07	-0.02
-2.20	-8.59	-0.07	-0.09
-2.51	-13.85	-0.06	0.26
-2.99	-20.79	-0.06	0.32
-3.60	-26.91	-0.05	0.33
-4.28	-28.73	-0.03	0.51
-5.01	-31.45	-0.02	0.59
-5.78	-34.06	-0.01	0.43
-6.61	-36.56	0.01	0.57
-7.40	-33.30	0.02	0.62
-8.13	-32.39	0.03	0.57
-8.89	-31.51	0.04	0.78
-9.62	-31.50	0.06	0.63
-10.27	-28.93	0.07	0.51
-10.85	-24.61	0.08	0.40
-11.34	-20.25	0.09	0.55
-11.76	-18.46	0.10	0.10
-12.05	-12.32	0.10	0.27
-12.15	-4.62	0.10	0.09
-12.11	1.63	0.10	-0.04
-11.90	9.44	0.10	0.03
-11.56	14.72	0.10	-0.19
-11.10	19.95	0.09	-0.21
-10.55	23.47	0.08	-0.47
-9.92	27.07	0.07	-0.45
-9.20	31.42	0.06	-0.60
-8.43	33.21	0.04	-0.70
-7.64	33.24	0.03	-0.52
-6.83	35.81	0.01	-0.56
-6.04	33.29	-0.00	-0.84
-5.24	34.10	-0.02	-0.38
-4.53	30.69	-0.03	-0.51
-3.94	26.35	-0.03	-0.30
-3.42	21.99	-0.04	-0.30
-3.03	16.78	-0.05	-0.19
-2.77	11.43	-0.05	-0.15
-2.61	6.32	-0.06	-0.17
-2.55	2.68	-0.06	-0.05
-2.59	-1.66	-0.06	0.02
-2.73	-6.02	-0.06	-0.04
-2.99	-11.23	-0.05	0.10
-3.33	-13.90	-0.05	0.24
-3.74	-18.34	-0.04	0.29
-4.26	-21.73	-0.03	0.35
-4.79	-22.76	-0.02	0.46
-5.34	-23.64	-0.01	0.57
-5.86	-22.80	0.00	0.33
-6.43	-24.49	0.01	0.45
-6.95	-21.96	0.02	0.47
-7.44	-21.05	0.03	0.38
-7.90	-20.07	0.04	0.44
-8.33	-18.34	0.05	0.49
-8.69	-15.85	0.06	0.36
-9.03	-13.98	0.07	0.33
-9.26	-9.78	0.07	0.20
-9.40	-6.28	0.08	0.34
-9.48	-3.54	0.08	0.08
-9.48	-0.06	0.08	0.11
-9.36	5.13	0.08	0.17
-9.12	10.36	0.08	0.03
-8.79	14.74	0.08	-0.26
-8.33	19.95	0.07	-0.40
-7.78	22.73	0.06	-0.41
-7.16	26.20	0.05	-0.42
-6.57	26.27	0.03	-0.54
-5.94	27.12	0.02	-0.41
-5.28	27.14	0.01	-0.54
-4.63	28.00	0.00	-0.54
-4.00	27.16	-0.01	-0.54
-3.42	25.43	-0.02	-0.41
-2.91	22.71	-0.03	-0.41
-2.45	19.36	-0.04	-0.27
-2.06	15.87	-0.04	-0.27
-1.76	12.39	-0.05	-0.27
-1.56	8.90	-0.05	-0.14
-1.44	5.30	-0.05	-0.00
-1.43	0.95	-0.05	-0.13
-1.48	-2.55	-0.05	-0.00
-1.66	-7.75	-0.05	-0.00
-1.96	-12.98	-0.05	0.27
-2.34	-16.50	-0.04	0.27
-2.81	-19.98	-0.03	0.27
-3.34	-22.73	-0.02	0.29
-3.90	-23.64	-0.02	0.42
-4.43	-23.65	-0.01	0.41
-5.01	-23.65	0.00	0.41
-5.56	-23.65	0.01	0.41
-6.12	-24.51	0.02	0.41
-6.65	-23.55	0.03	0.41
-7.16	-21.82	0.04	0.27
-7.60	-19.34	0.05	0.29
-7.96	-15.76	0.05	0.27
-8.25	-13.12	0.06	0.14
-8.47	-9.65	0.06	0.02
-8.59	-5.31	0.06	0.02
-8.61	-0.95	0.06	0.00
-8.53	2.55	0.06	0.00
-8.39	6.15	0.06	0.00
-8.15	10.38	0.06	-0.27
-7.84	13.88	0.05	-0.27
-7.48	15.66	0.04	-0.27
-7.07	17.40	0.04	-0.27
-6.63	19.26	0.03	-0.40
-6.18	20.03	0.02	-0.41
-5.72	20.05	0.01	-0.41
-5.26	20.05	0.00	-0.27
-4.85	18.34	-0.01	-0.40
-4.45	16.71	-0.01	-0.27
-4.10	15.71	-0.02	-0.27
-3.78	13.12	-0.02	-0.27
-3.54	10.62	-0.03	-0.14
-3.36	7.90	-0.03	-0.14
-3.25	5.28	-0.03	-0.14
-3.19	2.66	-0.03	-0.00
-3.19	0.05	-0.03	-0.00
-3.29	-4.28	-0.03	-0.00
-3.44	-6.92	-0.03	-0.00
-3.68	-10.40	-0.03	0.13
-3.98	-13.03	-0.02	0.15
-4.31	-13.93	-0.02	0.27
-4.67	-15.77	-0.01	0.27
-5.07	-17.40	-0.00	0.27
-5.48	-18.29	0.00	0.29
-5.88	-16.59	0.01	0.27
-6.25	-16.68	0.02	0.27
-6.63	-15.71	0.02	0.27
-6.99	-14.95	0.03	0.29
-7.26	-12.37	0.03	0.14
-7.50	-10.49	0.04	0.12
-7.72	-9.60	0.04	0.11
-7.88	-6.17	0.04	0.01
-8.00	-5.36	0.04	0.06
-8.09	-3.52	0.04	0.11
-8.13	-1.89	0.04	-0.07
-8.17	-1.75	0.04	0.08
-8.17	-0.03	0.04	-0.33
-8.15	0.86	0.04	-0.03
-8.02	5.15	0.04	-0.06
-7.86	7.06	0.03	-0.06
-7.62	10.40	0.03	-0.28
-7.36	11.31	0.03	-0.18
-7.11	11.33	0.02	-0.18
-6.81	12.19	0.02	-0.12
-6.53	12.32	0.01	-0.36
-6.27	11.35	0.01	-0.04
-6.02	11.33	0.00	-0.24
-5.80	8.76	-0.00	-0.10
-5.64	7.12	-0.01	-0.12
-5.50	5.38	-0.00	-0.03
-5.36	5.35	-0.01	-0.08
-5.24	5.23	-0.01	0.03
-5.21	1.81	-0.01	-0.06
-5.21	0.03	-0.01	0.12
-5.26	-2.57	-0.01	-0.00
-5.40	-5.30	-0.01	0.00
-5.58	-7.80	-0.01	0.00
-5.82	-9.56	-0.00	0.23
-6.06	-10.56	-0.00	0.19
-6.31	-11.32	0.00	0.15
-6.59	-11.45	0.01	0.23
-6.83	-10.48	0.01	0.18
-7.05	-9.60	0.02	0.38
-7.28	-10.44	0.02	0.17
-7.52	-10.46	0.03	0.21
-7.72	-8.75	0.04	0.07
-7.88	-7.01	0.04	0.07
-7.92	-1.84	0.04	-0.04
-7.92	-0.03	0.04	0.12
-7.86	2.57	0.04	-0.01
-7.78	3.47	0.04	0.10
-7.68	4.34	0.04	0.15
-7.60	3.50	0.04	0.05
-7.46	5.31	0.04	-0.16
-7.26	8.65	0.04	0.22
-7.07	8.72	0.03	-0.13
-6.91	7.01	0.03	0.14
-6.71	7.83	0.03	-0.09
-6.55	7.10	0.03	-0.02
-6.35	8.69	0.03	-0.01
-6.14	9.57	0.03	-0.30
-5.90	10.44	0.02	-0.12
-5.58	13.88	0.02	-0.12
-5.26	13.95	0.02	-0.01
-4.95	13.95	0.01	-0.09
-4.65	12.35	0.01	-0.15
-4.35	13.06	0.01	0.06
-4.06	12.33	0.01	-0.05
-3.76	13.06	0.00	-0.12
-3.48	12.22	0.00	-0.13
-3.23	10.61	-0.00	-0.11
-2.97	10.46	-0.00	-0.02
-2.75	9.72	-0.00	-0.20
-2.53	8.74	-0.00	0.02
-2.34	8.83	-0.00	0.13
-2.16	7.86	-0.00	-0.15
-1.96	7.96	-0.01	-0.04
-1.80	6.99	-0.01	0.14
-1.70	4.41	-0.01	0.05
-1.66	1.79	-0.01	0.07
-1.62	1.74	-0.01	-0.02
-1.64	-0.82	-0.01	0.06
-1.66	-0.87	-0.01	0.03
-1.72	-2.58	-0.01	0.10
-1.82	-4.33	-0.00	0.29
-1.90	-3.50	0.00	0.10
-2.00	-4.34	0.00	0.13
-2.14	-5.21	0.01	0.18
-2.24	-4.49	0.01	0.08
-2.32	-3.51	0.01	0.19
-2.39	-2.75	0.02	0.19
-2.45	-2.62	0.02	0.07
-2.49	-1.76	0.02	0.03
-2.51	-0.89	0.02	0.09
-2.47	0.84	0.02	0.11
-2.41	2.70	0.02	-0.01
-2.34	3.47	0.02	0.19
-2.24	4.34	0.02	-0.05
-2.14	4.36	0.02	0.10
-2.00	5.33	0.02	0.13
-1.88	5.23	0.02	0.11
-1.76	5.23	0.02	0.06
-1.68	3.52	0.03	0.03
-1.54	6.05	0.03	0.05
-1.33	9.52	0.03	0.01
-1.09	10.44	0.03	-0.01
-0.79	13.03	0.03	0.00
-0.48	13.93	0.02	0.05
-0.10	16.51	0.02	-0.23
0.30	17.42	0.02	-0.13
0.75	18.40	0.01	-0.18
1.21	20.13	0.01	-0.33
1.72	22.62	0.00	-0.25
2.28	23.52	-0.01	-0.21
2.79	22.79	-0.01	-0.21
3.29	20.95	-0.02	-0.16
3.72	19.32	-0.02	-0.15
4.14	17.58	-0.02	-0.12
4.49	15.72	-0.03	-0.15
4.75	10.56	-0.04	-0.13
4.95	8.87	-0.04	-0.18
5.09	6.15	-0.04	-0.13
5.15	2.68	-0.05	-0.07
5.13	-0.81	-0.05	-0.06
5.03	-4.29	-0.05	0.03
4.81	-9.49	-0.05	0.09
4.51	-12.15	-0.05	-0.08
4.14	-16.60	-0.05	0.17
3.70	-19.13	-0.05	0.15
3.17	-22.60	-0.04	0.29
2.59	-25.35	-0.03	0.33
1.94	-27.11	-0.02	0.34
1.31	-27.99	-0.02	0.30
0.63	-29.61	-0.01	0.41
-0.06	-30.49	0.00	0.25
-0.73	-29.65	0.01	0.28
-1.35	-26.21	0.01	0.23
-1.92	-25.41	0.02	0.16
-2.45	-22.83	0.03	0.18
-2.91	-19.24	0.03	0.12
-3.27	-15.87	0.03	0.23
-3.60	-13.98	0.04	0.06
-3.88	-12.35	0.04	0.09
-4.14	-9.75	0.04	0.04
-4.29	-7.14	0.05	-0.08
-4.35	-2.70	0.05	0.04
-4.35	-0.05	0.05	0.17
-4.24	4.39	0.05	0.03
-4.10	6.07	0.05	-0.01
-3.88	9.52	0.05	0.01
-3.60	12.15	0.04	-0.04
-3.25	14.89	0.04	-0.18
-2.83	17.50	0.03	-0.30
-2.39	19.15	0.03	-0.26
-1.96	19.18	0.01	-0.59
-1.50	19.18	0.00	-0.34
-1.07	19.29	-0.01	-0.35
-0.67	17.47	-0.01	-0.38
-0.32	15.72	-0.02	-0.22
0.00	12.38	-0.02	-0.09
0.24	9.76	-0.03	-0.06
0.42	8.00	-0.03	-0.17
0.55	6.14	-0.03	0.07
0.61	2.68	-0.03	-0.14
0.63	0.90	-0.03	0.01
0.63	0.02	-0.03	0.02
0.53	-4.28	-0.03	0.03
0.38	-6.92	-0.03	0.00
0.16	-8.80	-0.03	0.27
-0.10	-11.29	-0.02	0.30
-0.42	-13.90	-0.01	0.29
-0.75	-14.80	-0.01	0.31
-1.11	-15.67	0.00	0.28
-1.46	-15.69	0.01	0.29
-1.76	-13.12	0.01	0.29
-2.04	-12.22	0.02	0.34
-2.32	-11.35	0.03	0.11
-2.53	-9.74	0.03	0.18
-2.69	-6.17	0.03	0.10
-2.77	-3.65	0.03	0.08
-2.81	-1.78	0.03	-0.15
-2.83	-0.89	0.03	0.05
-2.79	0.84	0.03	0.02
-2.69	3.55	0.03	0.00
-2.55	6.17	0.03	-0.17
-2.36	8.67	0.02	-0.22
-2.14	9.57	0.02	-0.13
-1.88	9.70	0.01	-0.29
-1.60	11.42	0.01	-0.26
-1.35	11.45	0.00	-0.03
-1.11	10.48	-0.00	-0.24
-0.89	9.60	-0.00	-0.11
-0.69	8.73	-0.01	-0.09
-0.53	7.01	-0.01	0.13
-0.42	5.26	-0.01	-0.11
-0.34	3.52	-0.01	-0.06
-0.28	1.78	-0.01	0.03
-0.26	1.00	-0.01	0.06
-0.24	0.87	-0.01	-0.01
-0.22	0.87	-0.01	-0.06
-0.22	0.02	-0.01	0.01
-0.22	0.00	-0.01	0.05
-0.26	-1.71	-0.01	-0.00
-0.34	-3.45	-0.01	-0.02
-0.46	-5.20	-0.01	0.22
-0.55	-4.37	-0.01	0.02
-0.69	-6.07	-0.00	0.11
-0.83	-6.10	-0.00	0.12
-0.97	-6.10	0.00	0.06
-1.13	-6.96	0.00	0.03
-1.29	-6.23	0.00	0.04
-1.39	-4.39	0.01	0.26
-1.48	-4.36	0.01	-0.00
-1.60	-5.21	0.01	0.31
-1.78	-7.80	0.01	0.19
-1.94	-6.99	0.02	0.01
-2.08	-6.12	0.02	0.22
-2.16	-3.53	0.02	0.02
-2.22	-2.63	0.02	-0.01
-2.26	-1.76	0.02	0.02
-2.28	-0.89	0.02	0.03
-2.26	0.84	0.02	-0.00
-2.18	3.44	0.02	0.03
-2.06	5.20	0.02	0.01
-1.92	6.09	0.02	-0.19
-1.72	8.67	0.02	-0.04
-1.52	8.72	0.01	-0.22
-1.33	7.86	0.01	-0.17
-1.15	7.96	0.01	-0.18
-0.97	7.85	0.00	-0.07
-0.77	8.70	-0.00	-0.24
-0.57	8.72	-0.00	-0.19
-0.36	8.72	-0.01	-0.22
-0.18	7.98	-0.01	-0.11
-0.02	6.14	-0.02	-0.10
0.08	4.51	-0.02	0.04
0.14	2.65	-0.02	-0.10
0.16	0.90	-0.02	0.03
0.14	-0.84	-0.02	-0.00
0.08	-2.58	-0.02	-0.01
-0.02	-4.33	-0.02	0.05
-0.16	-5.33	-0.02	0.00
-0.36	-7.80	-0.02	0.20
-0.57	-9.67	-0.01	0.10
-0.85	-12.16	-0.01	0.31
-1.13	-12.20	-0.00	0.16
-1.43	-13.06	0.00	0.05
-1.66	-10.51	0.01	0.19
-1.90	-9.61	0.01	0.17
-2.08	-7.99	0.01	0.15
-2.24	-6.99	0.02	0.03
-2.39	-6.12	0.02	-0.02
-2.47	-3.65	0.02	0.10
-2.53	-1.89	0.02	0.06
-2.57	-1.75	0.02	0.01
-2.57	-0.03	0.02	-0.05
-2.59	-0.86	0.02	0.05
-2.51	3.41	0.02	0.06
-2.41	4.34	0.02	0.10
-2.30	5.21	0.02	0.03
-2.16	5.35	0.02	0.06
-2.02	6.09	0.02	-0.11
-1.84	7.81	0.02	-0.09
-1.66	7.84	0.02	0.00
-1.48	7.84	0.02	-0.12
-1.27	9.56	0.01	-0.09
-1.05	9.59	0.01	-0.11
-0.83	9.59	0.01	-0.10
-0.63	8.73	0.00	-0.11
-0.44	8.72	0.00	0.08
-0.26	7.86	-0.00	-0.08
-0.10	6.99	-0.00	0.02
0.04	6.12	-0.00	-0.12
0.18	5.25	-0.00	0.02
0.28	4.49	-0.01	-0.10
0.38	4.36	-0.01	0.21
0.46	3.50	-0.01	0.04
0.46	0.06	-0.01	0.04
0.46	0.00	-0.01	0.08
0.38	-2.57	-0.01	0.04
0.30	-3.59	-0.01	0.01
0.20	-4.34	-0.00	0.13
0.10	-4.36	-0.00	0.17
-0.04	-6.07	-0.00	0.07
-0.18	-6.10	0.00	0.16
-0.34	-6.10	0.00	0.17
-0.48	-6.22	0.01	0.28
-0.65	-7.08	0.01	0.05
-0.79	-6.12	0.01	0.14
-0.91	-5.25	0.01	0.21
-1.01	-4.37	0.02	-0.02
-1.11	-4.36	0.02	0.04
-1.13	-0.94	0.02	0.03
-1.13	-0.02	0.02	0.04
-1.11	0.86	0.02	0.03
-1.05	2.58	0.02	0.01
-0.97	3.47	0.02	-0.03
-0.87	4.34	0.02	0.04
-0.73	6.07	0.02	0.06
-0.57	6.96	0.02	-0.07
-0.42	6.97	0.02	0.02
-0.24	7.83	0.01	-0.10
-0.04	8.70	0.01	-0.14
0.18	8.72	0.01	-0.11
0.40	8.83	0.01	-0.16
0.61	9.69	0.00	-0.11
0.83	9.59	-0.00	-0.14
1.07	9.70	-0.00	-0.11
1.29	9.59	-0.01	-0.18
1.52	10.44	-0.01	-0.10
1.72	8.75	-0.01	0.04
1.88	7.01	-0.02	-0.11
1.98	4.41	-0.02	0.02
2.04	2.65	-0.02	-0.08
2.06	0.90	-0.02	0.02
2.06	0.02	-0.02	-0.05
2.04	-0.86	-0.02	0.03
1.98	-2.58	-0.02	-0.03
1.88	-4.33	-0.02	0.02
1.76	-5.21	-0.02	0.02
1.60	-6.09	-0.02	0.01
1.43	-7.93	-0.02	0.03
1.19	-9.56	-0.02	0.16
0.93	-11.41	-0.01	0.27
0.61	-13.90	-0.01	0.16
0.26	-14.92	-0.00	0.18
-0.08	-14.82	0.00	0.13
-0.42	-14.82	0.00	0.20
-0.71	-13.11	0.01	0.17
-0.99	-12.22	0.01	0.08
-1.27	-12.20	0.01	0.18
-1.50	-10.49	0.02	0.14
-1.72	-9.60	0.02	0.07
-1.92	-8.73	0.02	0.01
-2.08	-6.27	0.02	0.04
-2.22	-5.25	0.02	0.03
-2.28	-2.78	0.02	0.02
-2.34	-2.62	0.02	0.15
-2.38	-1.76	0.02	0.01
-2.39	-0.89	0.02	0.06
-2.41	-0.87	0.02	-0.01
-2.41	-0.02	0.02	0.02
-2.38	1.71	0.02	0.10
-2.34	1.74	0.02	0.04
-2.26	3.45	0.02	-0.12
-2.18	3.49	0.02	0.01
-2.08	4.34	0.02	-0.12
-1.94	5.33	0.01	-0.11
-1.80	6.09	0.01	-0.09
-1.66	6.10	0.01	-0.11
-1.54	5.25	0.00	-0.11
-1.43	5.23	0.01	0.03
-1.31	5.23	0.00	-0.12
-1.19	5.23	-0.00	-0.11
-1.09	3.52	-0.00	0.02
-1.01	2.75	-0.00	-0.12
-0.95	2.73	-0.00	0.01
-0.91	1.76	-0.01	-0.19
-0.85	2.60	-0.01	0.00
-0.81	0.90	-0.01	0.04
-0.81	0.13	-0.01	-0.11
-0.81	0.00	-0.01	0.09
-0.87	-2.57	-0.01	0.02
-0.99	-4.33	-0.01	0.03
-1.11	-5.33	-0.01	0.03
-1.29	-7.80	-0.01	0.00
-1.48	-8.70	-0.01	0.02
-1.70	-9.57	-0.01	0.05
-1.92	-9.59	-0.00	0.14
-2.16	-10.44	-0.00	0.18
-2.41	-10.58	0.00	0.16
-2.69	-12.17	0.00	0.25
-2.97	-12.20	0.01	0.16
-3.27	-13.06	0.01	0.15
-3.56	-13.07	0.02	0.18
-3.80	-10.51	0.02	0.15
-4.04	-10.46	0.02	0.03
-4.24	-8.75	0.03	0.09
-4.39	-6.27	0.03	0.05
-4.51	-5.25	0.03	0.00
-4.61	-4.37	0.03	-0.02
-4.67	-2.65	0.03	0.04
-4.71	-1.76	0.02	0.01
-4.71	-0.03	0.03	0.01
-4.73	-0.86	0.03	0.02
-4.69	1.70	0.03	0.03
-4.63	2.60	0.03	0.03
-4.55	3.47	0.03	0.03
-4.45	4.34	0.03	0.03
-4.33	5.21	0.02	-0.00
-4.20	6.09	0.02	-0.00
-4.06	6.10	0.02	-0.15
-3.90	6.96	0.02	-0.12
-3.72	7.83	0.02	0.11
-3.58	6.13	0.01	-0.14
-3.42	6.96	0.01	0.00
-3.25	6.97	0.01	-0.10
-3.09	7.09	0.01	-0.07
-2.93	6.98	0.01	0.02
-2.77	6.97	0.00	-0.12
-2.63	6.12	0.00	0.01
-2.49	6.10	0.01	0.02
-2.36	5.25	0.00	-0.10
-2.24	5.35	0.00	-0.02
-2.12	5.23	0.00	0.02
-2.00	4.37	-0.00	-0.11
-1.90	4.47	-0.00	0.01
-1.80	4.36	-0.00	0.05
-1.74	2.65	-0.00	0.04
-1.68	1.88	0.00	0.11
-1.66	0.89	-0.00	0.01
-1.66	0.02	-0.00	0.02
-1.66	0.00	-0.00	-0.06
-1.66	0.00	-0.00	0.00
-1.66	0.00	-0.00	0.00
-1.68	-0.86	-0.00	0.13
-1.74	-2.58	0.00	0.15
-1.82	-2.61	0.00	0.10
-1.88	-2.73	0.01	0.15
-1.94	-2.62	0.01	0.02
-1.98	-1.76	0.01	0.07
-2.00	-0.89	0.01	0.01
-2.02	-0.87	0.01	0.04
-1.98	1.70	0.01	0.13
-1.92	2.60	0.01	0.00
-1.88	1.76	0.01	-0.02
-1.82	2.60	0.01	0.03
-1.74	2.61	0.01	0.02
-1.66	3.59	0.01	0.01
-1.54	5.20	0.01	0.02
-1.41	5.23	0.01	0.04
-1.29	5.35	0.01	0.04
-1.13	6.94	0.01	0.04
-0.97	6.97	0.01	0.01
-0.79	7.09	0.01	0.04
-0.59	8.69	0.01	-0.02
-0.38	9.57	0.01	-0.12
-0.16	9.59	0.01	0.04
0.10	10.56	0.01	-0.11
0.36	11.32	0.01	-0.11
0.61	11.33	0.00	0.06
0.87	11.33	0.00	-0.07
1.13	11.33	-0.00	-0.08
1.37	9.74	-0.00	0.04
1.58	9.59	-0.00	-0.13
1.80	9.59	-0.00	0.05
2.00	8.73	-0.01	-0.13
2.18	7.86	-0.01	0.05
2.36	7.11	-0.01	-0.02
2.51	6.98	-0.01	0.00
2.65	6.12	-0.01	0.06
2.81	6.96	-0.01	0.04
2.95	6.12	-0.01	0.01
3.09	6.10	-0.01	0.03
3.23	6.10	-0.01	-0.01
3.36	5.25	-0.01	0.04
3.48	5.35	-0.01	0.03
3.60	5.23	-0.01	0.02
3.72	5.23	-0.01	0.04
3.82	4.37	-0.01	0.03
3.92	4.36	-0.01	0.02
4.02	4.36	-0.01	-0.04
4.14	4.47	-0.01	0.02
4.26	5.22	-0.01	-0.01
4.37	5.23	-0.01	0.00
4.49	5.23	-0.01	0.00
4.63	6.09	-0.01	-0.09
4.75	5.25	-0.01	0.05
4.85	4.37	-0.01	0.03
4.95	4.36	-0.01	0.00
5.03	3.50	-0.01	0.02
5.13	4.34	-0.01	0.02
5.21	3.50	-0.01	0.03
5.28	3.49	-0.01	-0.00
5.34	2.63	-0.01	0.03
5.40	2.62	-0.01	-0.01
5.44	1.76	-0.01	0.04
5.48	1.74	-0.01	0.11
5.54	2.60	-0.01	0.02
5.58	1.76	-0.01	0.07
5.58	0.03	-0.01	-0.03
5.62	1.71	-0.01	0.01
5.64	0.89	-0.01	0.03
5.66	0.87	-0.01	0.03
5.66	0.02	-0.01	0.03
5.66	0.00	-0.01	0.10
5.64	-0.86	-0.01	0.02
5.60	-1.73	-0.01	0.05
5.56	-1.74	-0.01	0.10
5.48	-3.45	-0.01	0.03
5.40	-3.49	-0.01	0.04
5.30	-4.34	-0.01	0.03
5.19	-5.21	-0.01	0.09
5.13	-2.66	-0.01	0.02
5.03	-3.47	-0.01	0.03
4.93	-3.60	-0.00	0.01
4.85	-3.60	-0.01	0.02
4.79	-2.63	-0.00	0.01
4.75	-1.76	-0.00	-0.03
4.71	-1.74	-0.00	0.05
4.69	-0.89	-0.00	-0.00
4.65	-1.73	-0.00	0.03
4.63	-0.89	-0.01	0.03
4.61	-0.87	-0.00	0.02
4.59	-0.87	-0.01	-0.13
4.57	-0.87	-0.01	0.00
4.55	-0.87	-0.01	0.12
4.53	-0.87	-0.01	-0.13
4.47	-2.58	-0.01	0.05
4.39	-3.47	-0.01	0.01
4.31	-3.49	-0.01	0.03
4.22	-4.34	-0.01	-0.03
4.12	-4.36	-0.01	0.02
4.02	-4.36	-0.01	-0.04
3.92	-4.36	-0.01	0.03
3.80	-5.21	-0.01	0.06
3.68	-5.23	-0.01	0.03
3.52	-6.94	-0.01	0.03
3.34	-7.83	-0.01	0.03
3.15	-7.84	-0.01	-0.00
2.95	-8.82	-0.01	0.02
2.73	-9.57	-0.01	-0.01
2.51	-9.59	-0.01	-0.04
2.30	-9.59	-0.01	0.05
2.10	-8.73	-0.00	0.03
1.88	-9.57	-0.00	0.05
1.68	-8.73	-0.00	0.00
1.48	-7.86	-0.00	0.04
1.29	-8.82	-0.00	0.06
1.07	-9.57	-0.00	0.16
0.83	-10.44	-0.00	0.04
0.59	-10.46	0.00	0.08
0.36	-10.46	0.00	0.09
0.14	-9.60	0.00	-0.01
-0.12	-11.30	0.01	0.17
-0.38	-11.33	0.01	0.06
-0.63	-11.33	0.01	0.03
-0.85	-9.62	0.01	0.21
-1.07	-9.59	0.01	0.04
-1.29	-9.59	0.01	-0.05
-1.48	-8.73	0.02	0.02
-1.68	-8.72	0.01	0.04
-1.84	-7.01	0.01	0.05
-1.98	-6.12	0.01	0.02
-2.12	-5.25	0.01	-0.01
-2.24	-4.49	0.01	0.03
-2.34	-4.48	0.01	0.01
-2.45	-5.22	0.01	0.01
-2.55	-4.37	0.01	-0.02
-2.63	-3.50	0.01	0.02
-2.69	-2.63	0.01	0.01
-2.77	-3.47	0.01	0.01
-2.81	-1.77	0.01	0.04
-2.87	-2.60	0.01	0.03
-2.91	-1.76	0.01	0.05
-2.97	-2.60	0.01	-0.19
-3.01	-1.76	0.01	0.06
-2.99	0.82	0.01	0.06
-2.99	0.02	0.02	-0.05
-2.95	1.71	0.01	0.01
-2.91	1.74	0.01	-0.12
-2.85	2.60	0.01	-0.01
-2.77	3.47	0.01	-0.11
-2.71	2.63	0.01	0.04
-2.65	2.62	0.01	0.03
-2.59	2.62	0.00	-0.10
-2.55	1.76	0.00	-0.00
-2.51	1.74	0.00	0.01
-2.47	1.74	0.00	-0.01
-2.43	1.74	0.00	0.00
-2.39	1.74	0.01	-0.03
-2.36	1.74	0.00	0.03
-2.32	1.74	0.00	0.00
-2.28	1.74	0.00	0.12
-2.26	0.89	0.00	0.02
-2.26	0.02	0.00	0.04
-2.28	-0.86	0.00	-0.00
-2.30	-0.87	0.01	0.02
-2.30	-0.02	0.00	0.04
-2.32	-0.86	0.01	0.17
-2.36	-1.73	0.01	0.01
-2.39	-0.89	0.01	0.16
-2.39	-0.13	0.01	-0.01
-2.41	-0.86	0.01	-0.05
-2.41	-0.02	0.01	0.05
-2.34	3.42	0.01	0.07
-2.26	3.49	0.01	0.03
-2.16	4.34	0.01	-0.07
-2.04	5.21	0.01	-0.01
-1.90	6.09	0.01	0.04
-1.74	6.96	0.01	0.02
-1.56	6.97	0.01	0.02
-1.39	7.94	0.01	0.01
-1.19	8.70	0.01	-0.13
-0.97	9.57	0.01	0.04
-0.75	9.59	0.01	-0.14
-0.51	10.44	0.01	0.04
-0.28	9.60	0.01	-0.11
-0.06	9.70	0.00	0.03
0.18	9.71	0.00	-0.13
0.42	10.45	-0.00	-0.11
0.65	10.46	-0.00	0.00
0.89	9.60	-0.00	0.02
1.11	9.70	-0.00	-0.15
1.33	9.59	-0.00	0.05
1.54	9.59	-0.00	0.01
1.76	9.59	-0.01	-0.07
1.94	7.88	-0.01	0.03
2.12	7.85	-0.01	0.01
2.30	6.99	-0.01	0.07
2.43	6.23	-0.01	0.04
2.55	5.25	-0.01	0.07
2.67	5.23	-0.01	0.04
2.77	4.37	-0.01	0.08
2.85	3.50	-0.01	0.02
2.91	2.63	-0.01	0.06
2.97	2.62	-0.00	0.07
3.05	3.47	-0.00	0.01
3.11	2.63	-0.00	0.10
3.23	5.18	-0.00	0.03
3.33	4.37	-0.00	0.03
3.44	5.21	-0.00	0.09
3.52	3.52	0.00	0.03
3.62	4.34	0.00	0.05
3.76	5.21	0.00	0.03
3.90	6.20	0.00	0.02
4.08	7.81	0.00	-0.05
4.26	7.84	0.00	-0.08
4.47	8.70	0.00	0.04
4.73	10.54	0.00	0.04
5.01	11.43	-0.00	-0.11
5.28	12.30	-0.00	-0.18
5.60	13.18	-0.01	-0.10
5.92	13.08	-0.01	-0.09
6.21	13.19	-0.01	-0.11
6.51	13.08	-0.02	-0.12
6.81	13.08	-0.02	-0.11
7.07	11.36	-0.02	-0.16
7.32	10.48	-0.02	0.01
7.56	9.72	-0.03	-0.08
7.76	8.85	-0.03	-0.16
7.96	7.86	-0.03	-0.10
8.11	7.11	-0.03	0.02
8.23	5.26	-0.04	-0.12
8.35	5.23	-0.03	0.08
8.41	2.66	-0.04	-0.06
8.43	0.90	-0.03	0.03
8.45	0.87	-0.04	0.02
8.41	-1.70	-0.04	0.03
8.33	-3.45	-0.03	-0.02
8.23	-4.34	-0.03	0.06
8.08	-6.93	-0.04	0.03
7.88	-7.83	-0.04	0.04
7.64	-9.67	-0.03	0.15
7.36	-12.27	-0.03	0.23
7.01	-15.63	-0.02	0.18
6.67	-13.98	-0.02	0.15
6.33	-14.92	-0.02	0.15
5.98	-14.82	-0.01	0.16
5.66	-14.08	-0.01	0.05
5.34	-13.95	-0.00	0.08
5.05	-12.35	-0.00	0.02
4.81	-10.49	-0.00	0.09
4.55	-10.58	-0.00	0.01
4.33	-9.61	-0.00	0.09
4.14	-8.73	-0.00	0.00
3.92	-9.57	0.00	0.02
3.72	-8.73	0.00	0.10
3.54	-7.86	0.00	0.03
3.36	-7.85	0.00	0.03
3.21	-6.99	0.00	0.02
3.03	-7.83	0.00	0.03
2.85	-7.84	0.00	0.05
2.67	-7.84	0.00	-0.05
2.51	-6.13	0.00	0.02
2.38	-6.22	0.00	0.11
2.20	-7.82	0.00	0.01
2.02	-7.84	0.00	0.01
1.84	-6.99	0.00	0.01
1.68	-7.09	0.00	0.01
1.52	-6.98	0.00	0.03
1.35	-7.83	0.00	0.04
1.19	-6.99	0.00	0.02
0.99	-8.69	0.00	-0.01
0.81	-7.86	0.00	0.03
0.63	-7.85	0.00	0.03
0.46	-7.84	0.00	0.02
0.26	-7.96	0.00	0.02
0.06	-8.70	0.00	0.03
-0.14	-8.72	0.00	-0.04
-0.36	-8.72	0.00	0.02
-0.55	-8.83	0.00	-0.04
-0.75	-7.86	0.00	0.14
-0.97	-9.67	0.00	0.03
-1.23	-11.30	0.00	0.05
-1.48	-11.33	0.00	0.03
-1.78	-13.04	0.00	0.12
-2.08	-13.07	0.00	0.15
-2.41	-14.79	0.01	0.00
-2.77	-14.93	0.01	0.04
-3.11	-14.08	0.01	0.13
-3.42	-13.95	0.01	0.14
-3.72	-13.09	0.02	0.04
-4.04	-13.08	0.02	0.04
-4.29	-11.48	0.02	0.16
-4.55	-11.33	0.02	0.06
-4.81	-11.33	0.02	0.03
-5.07	-11.33	0.02	0.05
-5.28	-9.62	0.03	0.02
-5.46	-7.88	0.03	0.07
-5.62	-6.99	0.03	0.04
-5.76	-5.26	0.03	0.01
-5.86	-4.49	0.02	0.03
-5.96	-4.36	0.03	0.04
-6.06	-3.50	0.03	0.01
-6.12	-2.75	0.03	0.05
-6.18	-2.62	0.03	0.10
-6.25	-3.47	0.03	0.03
-6.33	-3.49	0.03	0.07
-6.39	-2.63	0.03	-0.01
-6.43	-1.76	0.03	0.02
-6.45	-0.89	0.03	0.02
-6.45	-0.02	0.03	0.05
-6.45	-0.00	0.03	0.03
-6.43	0.86	0.03	0.03
-6.41	0.87	0.03	0.13
-6.37	1.73	0.03	0.02
-6.35	0.89	0.03	-0.01
-6.29	2.58	0.03	0.12
-6.25	1.76	0.03	0.02
-6.19	2.60	0.03	0.02
-6.12	3.47	0.03	0.02
-6.02	4.34	0.02	-0.11
-5.92	4.36	0.02	0.00
-5.78	5.33	0.02	0.03
-5.62	6.09	0.02	-0.08
-5.48	6.22	0.02	0.01
-5.32	6.96	0.02	-0.06
-5.13	7.83	0.02	-0.11
-4.93	8.82	0.02	0.02
-4.71	8.72	0.01	-0.12
-4.49	9.69	0.01	-0.14
-4.28	9.59	0.01	0.02
-4.06	8.85	0.01	-0.13
-3.82	9.57	0.01	0.03
-3.62	8.85	0.01	-0.14
-3.40	9.57	0.00	0.01
-3.19	9.59	0.00	0.01
-2.99	7.88	0.00	0.01
-2.85	6.25	0.00	-0.03
-2.69	6.96	0.00	0.01
-2.55	6.12	-0.00	-0.09
-2.41	6.10	-0.00	0.04
-2.30	5.25	-0.00	0.01
-2.22	3.52	0.00	-0.00
-2.14	3.49	-0.00	0.10
-2.10	1.78	-0.00	-0.10
-2.02	3.46	-0.00	0.03
-1.96	1.77	-0.00	-0.00
-1.94	1.00	0.00	0.04
-1.88	2.59	0.00	0.05
-1.84	1.76	0.00	0.00
-1.76	3.46	0.00	0.14
-1.70	1.77	0.00	-0.09
-1.62	3.57	0.01	0.02
-1.52	4.34	0.01	0.08
-1.43	4.36	0.00	-0.00
-1.35	3.50	0.01	0.03
-1.27	3.49	0.01	0.14
-1.17	4.34	0.01	0.01
-1.09	3.50	0.01	0.04
-0.99	4.34	0.01	0.03
-0.87	4.36	0.01	0.09
-0.77	4.47	0.01	0.02
-0.67	4.36	0.01	0.01
-0.55	5.21	0.01	0.04
-0.46	4.37	0.01	0.06
-0.30	6.93	0.01	0.14
-0.16	6.12	0.01	0.11
-0.02	6.10	0.01	-0.04
0.14	6.96	0.01	0.02
0.30	6.97	0.01	0.04
0.49	7.83	0.01	0.03
0.67	7.96	0.01	0.02
0.89	9.56	0.01	0.02
1.13	9.59	0.01	0.07
1.35	9.70	0.01	-0.07
1.58	10.45	0.01	0.01
1.84	10.58	0.00	-0.11
2.10	11.32	0.00	0.01
2.38	12.19	0.00	-0.14
2.67	13.06	-0.00	-0.10
2.97	13.07	-0.00	-0.10
3.27	13.07	-0.00	0.12
3.50	10.51	-0.01	-0.11
3.76	11.32	-0.01	0.05
4.00	10.48	-0.01	-0.10
4.22	9.60	-0.01	0.02
4.43	9.59	-0.01	-0.11
4.63	8.73	-0.01	-0.01
4.81	7.86	-0.02	-0.13
5.01	7.85	-0.02	0.01
5.17	7.11	-0.02	0.03
5.32	6.98	-0.02	0.01
5.48	6.97	-0.02	-0.10
5.60	5.26	-0.02	-0.00
5.72	4.37	-0.02	0.04
5.80	3.62	-0.02	0.01
5.86	2.63	-0.02	0.02
5.92	2.62	-0.02	0.03
5.94	0.90	-0.02	0.02
5.96	0.87	-0.02	0.04
5.96	0.02	-0.02	0.02
5.92	-1.71	-0.02	0.11
5.88	-1.74	-0.02	-0.01
5.78	-3.57	-0.02	0.05
5.66	-5.20	-0.02	0.13
5.52	-6.09	-0.01	0.16
5.38	-6.10	-0.01	0.05
5.21	-6.22	-0.01	0.15
5.05	-7.08	-0.01	0.16
4.87	-7.83	-0.00	0.04
4.69	-7.84	-0.00	0.18
4.51	-7.84	-0.00	0.08
4.35	-6.99	0.00	0.18
4.20	-6.12	0.00	0.01
4.08	-5.36	0.00	0.04
3.94	-6.09	0.01	0.04
3.86	-3.53	0.01	0.02
3.80	-2.63	0.01	0.01
3.74	-2.62	0.00	0.05
3.72	-0.90	0.00	0.01
3.70	-0.87	0.01	0.12
3.66	-1.73	0.00	0.01
3.64	-0.89	0.01	0.05
3.64	-0.02	0.00	-0.13
3.64	-0.00	0.00	0.01
3.64	-0.00	-0.00	-0.08
3.64	-0.00	-0.00	0.05
3.66	0.86	-0.00	0.03
3.66	0.02	-0.00	-0.10
3.66	0.00	-0.00	0.01
3.64	-0.86	-0.01	0.03
3.62	-0.87	-0.01	-0.02
3.56	-2.58	-0.01	-0.03
3.48	-3.47	-0.01	0.01
3.42	-2.63	-0.01	0.01
3.34	-3.47	-0.01	0.04
3.27	-3.49	-0.01	-0.16
3.19	-3.49	-0.01	0.01
3.09	-4.34	-0.01	0.02
2.99	-4.36	-0.01	0.02
2.87	-5.21	-0.01	-0.02
2.73	-6.09	-0.01	0.03
2.59	-6.10	-0.01	-0.03
2.43	-6.10	-0.01	0.05
2.30	-6.22	-0.01	0.03
2.10	-8.67	-0.01	0.05
1.88	-9.57	-0.01	0.04
1.64	-10.44	-0.01	0.00
1.39	-11.32	-0.01	0.04
1.11	-12.19	-0.01	0.17
0.79	-13.91	-0.00	0.16
0.48	-13.95	-0.00	0.04
0.14	-14.80	0.00	0.07
-0.18	-13.96	0.00	0.03
-0.48	-13.09	0.00	0.06
-0.73	-11.36	0.00	0.12
-1.03	-12.19	0.01	0.18
-1.33	-12.32	0.01	0.14
-1.60	-12.32	0.01	0.05
-1.90	-13.06	0.01	0.04
-2.16	-11.36	0.02	0.14
-2.39	-10.48	0.02	-0.04
-2.61	-9.60	0.02	0.03
-2.81	-8.73	0.02	0.03
-2.99	-7.86	0.02	0.05
-3.13	-5.39	0.02	0.01
-3.25	-5.23	0.02	0.03
-3.34	-4.37	0.02	0.05
-3.42	-3.50	0.02	0.04
-3.50	-3.49	0.02	-0.00
-3.58	-3.49	0.02	0.02
-3.62	-1.78	0.02	-0.00
-3.66	-1.74	0.02	0.05
-3.66	-0.03	0.02	-0.10
-3.68	-0.86	0.02	-0.10
-3.64	1.70	0.02	0.06
-3.62	0.89	0.01	-0.05
-3.58	1.73	0.01	-0.11
-3.56	0.89	0.01	0.00
-3.54	0.87	0.01	-0.06
-3.52	0.87	0.01	0.02
-3.54	-0.84	0.00	-0.20
-3.52	-0.02	0.00	0.02
-3.52	0.12	0.00	0.08
-3.58	-1.71	0.00	-0.02
-3.62	-1.86	0.00	0.03
-3.70	-2.60	0.00	0.02
-3.76	-2.73	0.00	0.01
-3.84	-3.47	0.01	0.01
-3.96	-5.20	0.00	0.03
-4.06	-4.37	0.00	0.03
-4.20	-6.07	0.00	0.02
-4.33	-6.10	0.01	0.14
-4.49	-6.96	0.01	-0.06
-4.65	-6.12	0.01	0.02
-4.73	-3.65	0.01	0.13
-4.83	-4.35	0.01	0.03
-4.91	-3.50	0.01	0.03
-4.99	-3.49	0.01	0.01
-5.09	-4.34	0.02	0.17
-5.17	-3.50	0.02	0.01
-5.23	-2.63	0.02	0.02
-5.28	-2.62	0.02	-0.04
-5.34	-2.62	0.02	0.05
-5.34	-0.05	0.02	0.01
-5.32	0.85	0.02	0.06
-5.30	0.87	0.02	0.02
-5.28	0.87	0.02	-0.01
-5.24	1.73	0.02	0.04
-5.19	1.74	0.02	0.03
-5.15	1.86	0.02	0.02
-5.07	3.46	0.02	0.02
-4.99	3.49	0.02	0.03
-4.89	4.34	0.02	0.03
-4.79	4.36	0.02	0.02
-4.67	5.21	0.02	-0.12
-4.53	6.09	0.02	0.01
-4.39	6.10	0.02	0.02
-4.26	6.10	0.01	-0.12
-4.10	6.96	0.01	-0.01
-3.94	6.97	0.01	-0.03
-3.78	6.97	0.01	-0.17
-3.62	6.97	0.01	0.03
-3.48	6.12	0.01	0.02
-3.36	5.25	0.00	-0.11
-3.25	5.23	0.00	-0.05
-3.15	4.37	0.01	0.04
-3.01	5.21	0.00	0.01
-2.91	4.49	0.00	0.08
-2.81	4.36	0.00	-0.11
-2.71	4.36	0.00	0.06
-2.65	2.65	0.00	0.00
-2.59	2.62	0.00	0.00
-2.55	1.76	0.00	0.07
-2.51	1.74	0.00	0.00
-2.49	0.89	0.00	0.00
-2.47	0.87	0.00	0.02
-2.47	0.02	0.00	0.01
-2.47	0.00	0.00	0.03
-2.47	0.00	0.00	-0.06
-2.51	-1.71	0.00	0.14
-2.51	-0.03	0.00	0.01
-2.53	-0.86	0.00	0.03
-2.55	-0.87	0.01	0.17
-2.57	-0.87	0.01	0.06
-2.61	-1.73	0.01	0.18
-2.65	-1.74	0.01	0.04
-2.67	-0.89	0.01	0.18
-2.71	-1.73	0.01	0.02
-2.73	-0.89	0.02	0.13
-2.73	-0.02	0.02	0.04
-2.73	-0.00	0.02	0.04
-2.71	0.86	0.02	0.01
-2.67	1.73	0.02	0.07
-2.59	3.45	0.02	0.03
-2.47	5.20	0.02	0.03
-2.36	5.23	0.02	0.06
-2.20	6.94	0.02	0.06
-2.06	6.12	0.02	-0.03
-1.90	6.96	0.02	0.03
-1.68	8.80	0.02	0.02
-1.44	9.57	0.02	-0.13
-1.19	11.42	0.01	-0.07
-0.93	11.33	0.02	0.08
-0.67	11.33	0.01	-0.06
-0.42	11.33	0.01	-0.12
-0.14	11.33	0.00	-0.10
0.12	11.45	0.00	-0.12
0.40	11.33	0.00	0.04
0.65	11.45	-0.00	-0.13
0.91	11.33	-0.00	-0.11
1.17	11.33	-0.01	-0.11
1.41	9.62	-0.01	-0.11
1.60	8.85	-0.01	0.02
1.80	8.72	-0.01	-0.09
1.96	7.01	-0.01	0.16
2.08	5.26	-0.01	0.01
2.16	3.52	-0.01	0.05
2.22	2.63	-0.01	0.00
2.26	1.76	-0.01	-0.04
2.28	0.89	-0.02	0.05
2.30	0.87	-0.01	0.03
2.30	0.02	-0.01	-0.01
2.26	-1.71	-0.01	0.02
2.22	-1.74	-0.01	0.16
2.16	-2.60	-0.01	0.02
2.08	-3.47	-0.01	0.12
2.00	-3.49	-0.01	0.04
1.92	-3.49	-0.00	0.19
1.82	-4.34	-0.01	0.00
1.72	-4.36	-0.00	0.16
1.62	-4.36	-0.00	0.04
1.50	-5.21	0.00	0.08
1.39	-5.23	0.00	0.03
1.31	-3.52	0.00	0.01
1.21	-4.34	0.01	0.10
1.17	-1.79	0.00	0.00
1.11	-1.74	0.01	0.02
1.07	-1.86	0.01	0.08
1.01	-2.60	0.01	-0.00
0.97	-1.76	0.00	0.08
0.89	-2.60	0.00	0.03
0.85	-1.87	0.01	0.01
0.79	-2.60	0.00	0.03
0.73	-2.61	0.00	0.00
0.69	-1.76	0.00	0.04
0.65	-1.74	0.00	-0.07
0.63	-0.89	0.00	0.03
0.63	-0.02	0.00	-0.00
0.63	-0.00	0.00	0.04
0.63	-0.00	0.00	0.03
0.63	-0.00	0.00	0.01
0.65	0.86	0.00	-0.03
0.65	0.02	0.00	0.01
0.63	-0.86	0.00	-0.00
0.63	-0.02	-0.00	-0.14
0.61	-0.86	-0.00	0.03
0.59	-0.02	-0.00	0.10
0.57	-0.97	-0.00	-0.12
0.51	-2.58	-0.00	0.02
0.42	-4.33	-0.00	0.03
0.32	-4.36	-0.00	0.06
0.20	-5.21	-0.00	0.07
0.06	-6.09	-0.00	0.00
-0.12	-6.96	-0.01	0.02
-0.30	-7.94	-0.00	0.14
-0.53	-10.41	-0.00	0.03
-0.79	-11.31	-0.00	0.14
-1.07	-12.19	0.00	0.17
-1.37	-12.20	0.00	0.02
-1.66	-12.32	0.01	0.03
-1.92	-11.47	0.01	0.02
-2.16	-10.48	0.01	0.02
-2.32	-7.04	0.01	0.02
-2.49	-7.83	0.01	0.13
-2.67	-6.99	0.01	0.01
-2.87	-8.80	0.01	0.14
-3.07	-8.72	0.01	-0.05
-3.23	-7.01	0.02	0.02
-3.38	-6.97	0.02	0.03
-3.50	-5.26	0.02	0.05
-3.60	-4.37	0.02	0.02
-3.72	-4.36	0.02	0.00
-3.80	-3.62	0.02	0.02
-3.88	-3.49	0.02	0.08
-3.98	-4.34	0.02	0.02
-4.06	-3.50	0.02	0.01
-4.14	-3.49	0.02	-0.00
-4.20	-2.63	0.02	0.01
-4.26	-2.62	0.02	0.00
-4.29	-1.76	0.02	0.02
-4.33	-1.74	0.01	-0.09
-4.35	-0.89	0.01	0.00
-4.39	-1.73	0.01	0.02
-4.41	-0.89	0.01	-0.12
-4.45	-1.73	0.01	0.04
-4.49	-1.74	0.01	0.01
-4.55	-2.60	0.01	0.02
-4.59	-1.76	0.01	-0.14
-4.65	-2.60	0.01	0.03
-4.73	-3.47	0.01	0.02
-4.81	-3.49	0.01	0.03
-4.91	-4.34	0.01	0.02
-5.03	-5.21	0.01	-0.02
-5.13	-4.37	0.01	-0.00
-5.24	-5.21	0.01	0.03
-5.36	-5.23	0.01	0.02
-5.50	-6.09	0.01	0.04
-5.66	-6.96	0.01	0.02
-5.84	-7.83	0.01	0.04
-6.04	-8.70	0.01	0.14
-6.25	-9.57	0.01	0.21
-6.47	-9.59	0.02	0.18
-6.69	-9.59	0.02	0.01
-6.93	-9.59	0.02	-0.01
-7.11	-7.99	0.02	0.15
-7.26	-6.99	0.03	0.04
-7.42	-6.97	0.03	0.12
-7.56	-6.12	0.03	0.02
-7.68	-5.25	0.03	0.03
-7.74	-2.66	0.03	0.11
-7.78	-1.76	0.03	-0.01
-7.80	-0.89	0.03	0.10
-7.82	-0.87	0.03	0.01
-7.86	-1.73	0.03	0.03
-7.88	-0.03	0.03	0.02
-7.88	-0.12	0.03	0.06
-7.88	-0.00	0.03	-0.01
-7.86	0.86	0.03	0.02
-7.82	1.73	0.03	0.02
-7.76	2.60	0.03	0.05
-7.68	3.47	0.03	0.03
-7.60	3.49	0.03	-0.04
-7.48	5.20	0.03	0.02
-7.34	6.09	0.03	0.03
-7.18	6.96	0.03	0.03
-6.99	8.68	0.02	-0.10
-6.77	8.72	0.03	0.02
-6.55	9.69	0.02	-0.12
-6.31	9.59	0.02	-0.14
-6.08	10.56	0.02	0.08
-5.84	10.46	0.02	-0.11
-5.60	10.46	0.01	-0.13
-5.36	10.46	0.01	0.08
-5.13	10.46	0.01	-0.12
-4.91	9.60	0.01	0.02
-4.69	9.59	0.01	-0.14
-4.47	9.59	0.01	0.00
-4.26	8.73	0.01	0.02
-4.06	8.83	0.00	-0.12
-3.84	9.57	0.00	0.02
-3.64	7.88	0.00	0.02
-3.46	7.96	0.00	-0.18
-3.27	7.85	0.00	0.03
-3.09	7.96	0.00	0.01
-2.91	6.99	0.00	0.01
-2.75	7.09	0.00	0.03
-2.59	6.98	0.00	0.01
-2.41	7.83	0.00	0.02
-2.28	6.13	0.00	0.01
-2.14	6.10	0.00	0.07
-2.00	6.10	0.00	0.01
-1.88	5.25	-0.00	0.10
-1.78	4.37	0.00	0.04
-1.70	3.50	0.00	0.03
-1.64	2.63	0.00	0.03
-1.58	2.62	0.01	0.00
-1.54	1.76	0.00	0.05
-1.46	3.46	0.01	0.05
-1.37	3.60	0.01	0.04
-1.29	3.49	0.01	-0.05
-1.17	5.20	0.01	0.04
-1.01	6.09	0.01	0.04
-0.87	6.22	0.01	0.02
-0.71	6.96	0.01	0.02
-0.53	7.83	0.01	0.02
-0.38	6.99	0.01	0.02
-0.18	8.69	0.01	0.01
0.02	8.72	0.01	-0.05
0.24	9.57	0.01	-0.11
0.48	9.70	0.00	0.04
0.71	10.45	0.00	-0.11
0.95	10.46	0.00	-0.10
1.17	9.60	-0.00	0.03
1.39	9.59	-0.00	-0.13
1.60	9.59	-0.01	-0.11
1.80	8.73	-0.01	0.02
2.00	7.98	-0.01	-0.09
2.18	7.85	-0.01	0.02
2.32	6.13	-0.01	-0.12
2.45	6.10	-0.01	0.02
2.59	6.10	-0.01	0.25
2.69	4.39	-0.02	-0.13
2.71	0.94	-0.02	0.02
2.71	0.02	-0.02	-0.03
2.67	-1.71	-0.02	0.04
2.61	-2.60	-0.02	0.03
2.53	-3.47	-0.02	0.02
2.43	-4.34	-0.01	0.03
2.30	-6.07	-0.01	0.05
2.16	-6.10	-0.01	0.16
2.02	-6.10	-0.01	0.01
1.86	-6.96	-0.01	0.18
1.68	-7.83	-0.00	0.14
1.50	-7.84	-0.00	0.15
1.31	-7.84	-0.00	0.05
1.13	-7.96	0.00	0.06
0.93	-8.70	0.00	0.18
0.75	-7.86	0.01	0.02
0.59	-6.99	0.01	0.03
0.48	-5.26	0.01	0.01
0.38	-4.37	0.01	0.01
0.28	-3.50	0.01	0.01
0.22	-2.75	0.01	0.05
0.12	-3.47	0.01	0.06
0.06	-2.75	0.01	0.02
-0.02	-3.47	0.01	-0.02
-0.08	-2.63	0.01	-0.00
-0.16	-3.47	0.01	0.03
-0.22	-2.63	0.01	0.04
-0.26	-1.76	0.01	0.03
-0.32	-2.60	0.01	0.03
-0.36	-1.76	0.01	0.01
-0.40	-1.74	0.01	0.03
-0.44	-1.74	0.01	0.03
-0.48	-1.74	0.01	0.06
-0.53	-2.60	0.01	0.04
-0.57	-1.76	0.01	-0.01
-0.61	-0.89	0.01	0.01
-0.63	-0.99	0.01	0.07
-0.65	-0.87	0.01	0.02
-0.69	-1.73	0.01	0.03
-0.73	-1.74	0.01	0.01
-0.75	-0.89	0.01	0.02
-0.79	-1.73	0.01	0.03
-0.81	-0.89	0.01	0.02
-0.83	-0.87	0.01	0.05
-0.85	-0.87	0.00	-0.15
-0.85	-0.02	0.00	0.01
-0.87	-0.86	0.00	-0.02
-0.87	-0.02	0.01	0.00
-0.87	-0.00	0.00	0.02
-0.87	-0.00	0.00	-0.11
-0.87	-0.00	0.00	0.01
-0.89	-0.86	0.00	0.02
-0.91	-0.87	0.00	0.00
-0.93	-0.87	0.00	-0.02
-0.95	-0.87	0.00	0.03
-0.97	-0.87	0.00	0.03
-1.01	-1.73	0.00	-0.09
-1.05	-1.74	0.00	0.04
-1.07	-0.89	-0.00	-0.09
-1.09	-0.87	-0.00	0.01
-1.15	-2.58	-0.00	-0.05
-1.21	-2.61	-0.00	0.05
-1.29	-3.47	-0.00	0.03
-1.37	-3.49	-0.00	-0.06
-1.43	-2.63	-0.00	0.01
-1.52	-4.33	-0.00	0.03
-1.62	-4.36	-0.00	0.02
-1.74	-5.21	-0.00	0.02
-1.88	-6.09	-0.00	0.01
-2.04	-6.96	-0.00	0.02
-2.20	-6.97	0.00	0.15
-2.38	-7.83	0.00	-0.00
-2.57	-7.96	0.00	0.25
-2.81	-9.56	0.01	0.06
-3.01	-8.85	0.01	0.16
-3.21	-7.86	0.01	0.10
-3.40	-8.82	0.01	0.15
-3.62	-9.57	0.02	0.17
-3.84	-8.73	0.02	0.19
-4.02	-7.98	0.02	0.01
-4.20	-7.85	0.02	0.06
-4.33	-6.13	0.02	0.07
-4.45	-5.25	0.03	-0.02
-4.51	-2.66	0.03	0.06
-4.53	-0.90	0.03	0.03
-4.53	-0.02	0.03	0.02
-4.51	-0.00	0.03	0.03
-4.49	0.97	0.03	-0.02
-4.43	2.58	0.03	0.02
-4.33	4.33	0.03	0.00
-4.22	5.21	0.03	0.03
-4.08	6.09	0.02	-0.12
-3.90	7.81	0.02	-0.11
-3.72	7.84	0.02	-0.11
-3.52	8.70	0.02	-0.00
-3.33	8.72	0.01	-0.10
-3.11	8.72	0.01	-0.13
-2.91	8.83	0.01	-0.11
-2.69	8.83	0.00	0.03
-2.47	9.57	0.00	-0.09
-2.34	6.17	0.00	0.05
-2.22	5.25	0.00	-0.06
-2.10	4.37	-0.00	-0.07
-2.00	4.47	-0.00	-0.01
-1.90	4.36	-0.00	0.05
-1.82	3.50	-0.00	0.02
-1.76	2.63	-0.00	0.06
-1.72	1.76	-0.00	0.03
-1.70	0.89	-0.00	0.04
-1.70	0.02	-0.00	0.01
-1.72	-0.86	-0.00	0.01
-1.74	-0.87	0.00	0.03
-1.78	-1.73	-0.00	0.04
-1.80	-0.89	0.01	0.14
-1.82	-0.87	0.00	0.05
-1.84	-0.87	0.01	0.02
-1.86	-0.87	0.01	0.07
-1.84	0.84	0.01	0.03
-1.84	0.02	0.01	0.03
-1.82	0.86	0.01	0.16
-1.80	0.87	0.01	0.02
-1.78	0.87	0.01	0.01
-1.74	1.73	0.01	-0.00
-1.68	2.60	0.01	0.02
-1.64	1.76	0.01	0.01
-1.56	2.72	0.01	0.02
-1.48	3.47	0.01	-0.02
-1.41	3.49	0.01	0.04
-1.29	4.34	0.01	0.01
-1.19	4.47	0.01	0.02
-1.05	6.07	0.01	0.12
-0.91	6.10	0.01	-0.01
-0.77	6.10	0.01	0.03
-0.63	6.10	0.01	0.01
-0.46	6.22	0.01	-0.10
-0.30	7.08	0.01	0.01
-0.12	7.83	0.00	-0.09
0.06	7.84	0.00	0.01
0.24	7.84	0.00	-0.06
0.40	6.99	0.00	0.02
0.55	6.97	0.00	0.03
0.71	6.97	-0.00	-0.11
0.85	6.12	-0.00	0.03
0.99	6.10	-0.00	-0.04
1.11	5.25	-0.00	-0.05
1.25	5.23	-0.00	0.01
1.35	4.49	-0.00	-0.00
1.46	5.22	-0.00	-0.02
1.58	4.37	-0.00	0.11
1.66	3.62	-0.01	0.03
1.74	3.49	-0.00	0.06
1.82	2.63	-0.00	-0.04
1.86	1.88	-0.00	0.03
1.94	3.46	-0.01	0.05
2.00	2.63	-0.00	0.01
2.06	2.62	-0.00	0.03
2.10	1.76	-0.00	0.05
2.12	0.89	-0.00	0.04
2.12	0.02	-0.00	0.03
2.14	0.86	-0.00	0.03
2.14	0.02	-0.00	0.04
2.14	0.00	-0.00	0.03
2.12	-0.86	-0.00	0.02
2.10	-0.87	-0.00	0.05
2.12	0.84	-0.00	-0.02
2.14	0.87	0.00	0.02
2.16	0.87	-0.00	-0.03
2.20	1.73	-0.00	0.04
2.22	0.89	-0.00	0.01
2.26	1.73	-0.00	0.02
2.30	1.74	-0.00	-0.01
2.34	1.74	-0.00	0.03
2.38	1.74	-0.00	0.05
2.43	2.60	-0.00	0.02
2.47	1.76	-0.00	0.04
2.51	1.74	-0.00	0.01
2.55	1.74	-0.00	-0.10
2.59	1.74	-0.00	0.03
2.61	0.89	-0.00	0.01
2.61	0.02	-0.00	0.03
2.61	0.00	-0.00	0.10
2.59	-0.86	-0.00	0.02
2.55	-1.73	-0.00	0.04
2.51	-1.74	-0.00	0.03
2.47	-1.74	-0.00	0.03
2.41	-2.60	-0.00	0.04
2.34	-3.47	-0.01	0.04
2.26	-3.49	-0.00	0.07
2.18	-3.49	-0.00	0.04
2.04	-5.31	-0.00	0.04
1.96	-3.52	-0.00	0.01
1.86	-4.34	-0.00	0.03
1.78	-3.50	0.00	0.04
1.72	-1.89	0.00	0.02
1.66	-2.60	0.00	0.03
1.62	-1.76	0.00	0.02
1.58	-1.74	0.00	0.02
1.52	-2.60	0.00	0.03
1.48	-1.76	0.00	0.02
1.44	-1.74	0.00	0.12
1.41	-1.74	0.00	0.01
1.35	-2.60	0.00	0.03
1.27	-3.47	0.00	0.03
1.19	-3.49	0.00	0.03
1.11	-2.63	0.00	0.01
1.05	-2.73	0.00	0.04
0.97	-3.47	0.00	0.02
0.87	-4.34	0.00	0.00
0.79	-3.50	0.00	0.03
0.71	-3.49	0.00	0.02
0.63	-3.49	0.00	0.01
0.55	-3.49	0.00	0.04
0.48	-3.49	0.00	0.02
0.38	-3.60	0.00	-0.01
0.26	-5.20	0.00	0.03
0.20	-2.66	0.00	-0.02
0.18	-0.90	0.00	0.02
0.16	-0.87	0.00	0.00
0.14	-0.87	0.00	0.00
0.12	-0.87	0.00	0.06
0.10	-0.87	0.00	0.04
0.08	-0.87	0.00	0.01
0.06	-0.87	0.00	0.03
0.04	-0.87	0.01	0.14
0.02	-0.87	0.00	-0.14
-0.04	-2.58	0.00	-0.01
-0.08	-1.76	-0.00	0.01
-0.14	-2.60	0.00	0.03
-0.20	-2.61	0.00	0.06
-0.26	-2.61	0.00	0.03
-0.34	-3.47	-0.00	0.01
-0.44	-4.34	-0.00	-0.10
-0.53	-4.36	-0.00	0.02
-0.65	-5.21	-0.00	0.03
-0.79	-6.09	-0.00	-0.01
-0.93	-6.10	0.00	0.02
-1.07	-6.10	-0.00	0.02
-1.25	-7.81	-0.00	0.02
-1.43	-7.84	0.00	0.04
-1.62	-8.70	0.00	0.14
-1.80	-7.86	0.00	-0.01
-2.02	-9.56	0.00	0.14
-2.24	-9.59	0.01	0.17
-2.45	-9.59	0.01	0.02
-2.67	-9.59	0.01	0.16
-2.89	-8.73	0.01	0.15
-3.09	-8.83	0.01	0.01
-3.31	-8.72	0.02	0.14
-3.48	-7.12	0.02	0.03
-3.64	-7.09	0.02	0.01
-3.82	-6.98	0.02	0.06
-3.94	-5.38	0.02	0.02
-4.04	-4.38	0.02	0.03
-4.14	-4.36	0.02	0.01
-4.22	-3.50	0.02	0.02
-4.29	-3.49	0.02	0.05
-4.31	-0.92	0.02	-0.02
-4.31	-0.02	0.02	0.02
-4.28	1.71	0.02	0.03
-4.22	2.60	0.02	-0.10
-4.14	3.47	0.02	-0.11
-4.02	5.20	0.02	0.01
-3.88	6.09	0.02	-0.11
-3.72	6.96	0.01	-0.12
-3.58	6.12	0.01	-0.11
-3.42	6.96	0.01	-0.09
-3.29	6.12	0.00	-0.12
-3.17	5.25	0.00	-0.13
-3.07	4.37	-0.00	-0.13
-2.99	3.50	-0.00	0.03
-2.91	3.49	-0.00	-0.11
-2.89	0.92	-0.00	0.02
-2.89	0.02	-0.00	0.04
-2.91	-0.86	-0.00	0.09
-2.97	-2.58	-0.01	-0.12
-3.07	-4.33	-0.01	0.03
-3.21	-6.07	-0.01	0.00
-3.38	-6.96	-0.01	0.04
-3.58	-8.80	-0.01	0.12
-3.82	-10.43	-0.00	0.17
-4.08	-11.32	0.00	0.15
-4.35	-12.19	0.01	0.17
-4.65	-13.06	0.01	0.17
-4.89	-10.51	0.01	0.15
-5.13	-10.46	0.02	0.17
-5.34	-9.60	0.02	0.24
-5.60	-11.30	0.02	0.13
-5.84	-9.62	0.03	0.14
-6.04	-8.85	0.03	0.15
-6.21	-7.86	0.03	0.16
-6.37	-6.99	0.04	0.17
-6.49	-5.26	0.04	0.16
-6.57	-3.52	0.04	0.01
-6.61	-1.78	0.04	-0.08
-6.61	-0.89	0.04	0.15
-6.55	2.67	0.04	0.01
-6.41	5.30	0.04	-0.00
-6.23	7.80	0.04	0.04
-6.00	10.41	0.04	-0.12
-5.72	12.17	0.04	-0.11
-5.40	13.06	0.03	-0.10
-5.07	14.05	0.03	-0.11
-4.71	15.78	0.03	-0.23
-4.33	16.55	0.02	-0.16
-3.94	16.56	0.01	-0.26
-3.54	17.53	0.01	-0.15
-3.13	18.29	0.00	-0.29
-2.71	18.30	0.00	-0.16
-2.28	18.30	-0.00	-0.25
-1.88	17.57	-0.01	-0.25
-1.50	15.72	-0.01	-0.14
-1.17	14.95	-0.02	-0.11
-0.87	13.11	-0.02	-0.12
-0.59	11.48	-0.02	-0.14
-0.38	9.62	-0.03	-0.11
-0.20	7.88	-0.03	-0.12
-0.08	5.28	-0.03	0.02
-0.02	2.66	-0.03	0.06
-0.02	-0.69	-0.03	0.02
-0.06	-1.72	-0.03	0.02
-0.18	-5.17	-0.03	0.04
-0.36	-7.80	-0.03	0.27
-0.59	-9.56	-0.02	0.19
-0.91	-13.98	-0.01	0.20
-1.25	-14.80	-0.01	0.21
-1.58	-14.82	-0.00	0.27
-1.94	-15.67	0.00	0.31
-2.30	-15.69	0.01	0.31
-2.65	-15.69	0.01	0.28
-3.03	-15.69	0.02	0.15
-3.34	-13.24	0.02	0.29
-3.64	-13.19	0.03	0.20
-3.92	-12.22	0.03	0.30
-4.18	-11.35	0.04	0.18
-4.39	-9.62	0.04	0.15
-4.55	-7.02	0.04	0.16
-4.67	-5.26	0.04	0.16
-4.75	-3.52	0.04	0.10
-4.75	-0.06	0.05	0.14
-4.71	1.71	0.05	0.03
-4.61	4.31	0.05	0.02
-4.45	6.92	0.05	0.03
-4.24	9.54	0.05	0.02
-3.94	12.27	0.04	-0.18
-3.58	14.77	0.04	-0.08
-3.17	17.50	0.04	-0.24
-2.71	20.12	0.03	-0.26
-2.22	21.76	0.02	-0.27
-1.70	21.79	0.02	-0.25
-1.19	22.76	0.01	-0.25
-0.65	23.52	0.00	-0.38
-0.12	21.94	-0.00	-0.27
0.40	21.91	-0.01	-0.22
0.87	20.20	-0.02	-0.22
1.31	19.31	-0.02	-0.26
1.72	17.47	-0.03	-0.22
2.06	14.98	-0.03	-0.11
2.36	12.25	-0.04	-0.10
2.57	9.75	-0.04	-0.10
2.73	7.02	-0.04	-0.10
2.81	3.55	-0.04	-0.00
2.85	1.78	-0.04	-0.00
2.83	-0.82	-0.04	0.05
2.73	-4.29	-0.04	0.02
2.55	-7.78	-0.04	0.04
2.32	-10.41	-0.04	0.26
1.98	-13.88	-0.03	0.15
1.56	-17.48	-0.03	0.13
1.17	-17.55	-0.02	0.31
0.69	-20.12	-0.02	0.29
0.20	-21.76	-0.01	0.28
-0.32	-21.79	-0.00	0.30
-0.83	-22.76	0.00	0.37
-1.37	-22.67	0.01	0.32
-1.92	-23.63	0.02	0.37
-2.43	-21.94	0.02	0.28
-2.93	-21.05	0.03	0.27
-3.38	-20.18	0.04	0.28
-3.80	-17.48	0.04	0.16
-4.16	-15.84	0.04	0.16
-4.47	-13.98	0.05	0.15
-4.73	-11.38	0.05	0.04
-4.89	-7.05	0.05	0.03
-4.97	-2.81	0.05	0.04
-4.97	-0.05	0.05	-0.02
-4.93	1.71	0.05	0.05
-4.81	5.17	0.05	0.03
-4.61	7.80	0.05	-0.09
-4.37	10.53	0.04	-0.28
-4.08	13.03	0.04	-0.32
-3.70	16.50	0.03	-0.24
-3.31	16.56	0.02	-0.25
-2.91	17.53	0.01	-0.38
-2.49	17.55	0.01	-0.21
-2.12	16.58	0.00	-0.25
-1.74	15.82	-0.00	-0.25
-1.41	14.84	-0.01	-0.39
-1.09	13.22	-0.02	-0.26
-0.81	11.37	-0.02	-0.12
-0.61	8.88	-0.03	-0.23
-0.48	6.15	-0.03	-0.11
-0.40	3.54	-0.04	-0.12
-0.38	0.92	-0.04	-0.12
-0.44	-2.55	-0.04	-0.02
-0.57	-6.04	-0.04	-0.01
-0.77	-8.67	-0.04	0.02
-1.05	-12.14	-0.04	0.03
-1.41	-15.62	-0.04	0.04
-1.86	-19.11	-0.03	0.11
-2.38	-22.71	-0.03	0.21
-2.95	-24.38	-0.02	0.19
-3.50	-24.52	-0.02	0.12
-4.10	-24.52	-0.01	0.31
-4.71	-26.24	-0.00	0.33
-5.36	-27.98	0.00	0.29
-6.04	-29.72	0.01	0.53
-6.75	-30.49	0.02	0.28
-7.44	-30.62	0.03	0.44
-8.15	-30.63	0.04	0.30
-8.85	-29.77	0.04	0.31
-9.48	-27.07	0.05	0.31
-10.03	-24.57	0.05	0.35
-10.59	-23.67	0.06	0.29
-11.08	-21.83	0.06	0.16
-11.52	-19.23	0.07	0.35
-11.90	-16.61	0.07	0.16
-12.21	-14.00	0.08	0.16
-12.43	-9.67	0.08	-0.07
-12.57	-5.43	0.08	0.14
-12.61	-1.81	0.08	0.01
-12.57	1.68	0.08	0.01
-12.43	6.02	0.08	0.11
-12.25	7.81	0.07	-0.11
-11.97	12.12	0.07	-0.24
-11.62	14.77	0.07	-0.11
-11.22	17.50	0.06	-0.39
-10.75	20.12	0.05	-0.23
-10.25	20.91	0.05	-0.24
-9.74	22.75	0.04	-0.37
-9.20	22.66	0.03	-0.24
-8.67	22.78	0.02	-0.37
-8.15	22.78	0.01	-0.16
-7.64	22.67	0.01	-0.25
-7.18	20.10	-0.00	-0.25
-6.79	16.74	-0.00	-0.11
-6.45	14.85	-0.01	-0.12
-6.16	13.11	-0.01	-0.24
-5.90	10.51	-0.02	-0.05
-5.74	7.15	-0.02	0.01
-5.62	5.27	-0.02	0.03
-5.56	2.66	-0.02	0.03
-5.54	0.90	-0.02	0.01
-5.62	-3.41	-0.02	-0.03
-5.78	-6.91	-0.02	-0.01
-5.98	-8.68	-0.01	0.16
-6.19	-9.57	-0.01	0.17
-6.43	-10.44	-0.01	0.15
-6.73	-13.03	-0.00	0.30
-7.05	-13.93	0.00	0.30
-7.40	-14.80	0.01	0.22
-7.72	-14.08	0.02	0.34
-8.06	-14.80	0.02	0.30
-8.39	-14.82	0.03	0.14
-8.71	-13.11	0.04	0.19
-8.95	-10.62	0.04	0.18
-9.14	-8.75	0.04	0.16
-9.28	-6.15	0.04	0.17
-9.38	-4.39	0.05	0.15
-9.46	-3.50	0.05	0.03
-9.48	-0.92	0.05	0.12
-9.46	0.84	0.05	0.03
-9.36	4.29	0.05	0.02
-9.22	6.07	0.05	0.01
-9.04	7.81	0.05	0.00
-8.79	11.27	0.05	0.01
-8.47	13.04	0.05	-0.01
-8.11	15.76	0.04	-0.23
-7.68	18.26	0.04	-0.13
-7.22	20.13	0.04	-0.23
-6.73	20.91	0.03	-0.21
-6.23	21.89	0.03	-0.13
-5.72	22.65	0.02	-0.28
-5.19	22.66	0.01	-0.24
-4.67	22.78	0.01	-0.25
-4.14	21.93	0.00	-0.24
-3.64	21.91	-0.00	-0.28
-3.17	20.94	-0.01	-0.24
-2.73	19.21	-0.01	-0.10
-2.34	17.47	-0.02	-0.13
-1.98	14.98	-0.02	-0.23
-1.68	13.11	-0.02	-0.01
-1.43	11.36	-0.03	-0.12
-1.23	8.77	-0.03	-0.21
-1.07	6.15	-0.03	0.03
-0.97	4.51	-0.03	0.03
-0.91	2.65	-0.03	0.04
-0.91	0.05	-0.03	0.04
-0.99	-3.42	-0.03	0.02
-1.11	-5.20	-0.03	0.04
-1.31	-8.65	-0.03	0.17
-1.56	-11.28	-0.02	0.12
-1.88	-13.90	-0.01	0.19
-2.20	-13.95	-0.01	0.19
-2.49	-13.09	-0.00	0.16
-2.83	-14.05	-0.00	0.19
-3.15	-13.09	0.00	0.25
-3.46	-14.05	0.01	0.18
-3.78	-13.95	0.01	0.17
-4.06	-12.24	0.02	0.18
-4.31	-11.35	0.02	0.18
-4.53	-9.62	0.03	0.02
-4.71	-7.88	0.03	0.13
-4.83	-5.28	0.03	0.14
-4.95	-5.23	0.03	0.04
-5.05	-4.37	0.03	0.17
-5.13	-3.50	0.03	0.05
-5.17	-1.78	0.03	0.04
-5.19	-0.89	0.03	0.01
-5.19	-0.02	0.03	0.04
-5.15	1.71	0.03	0.02
-5.07	2.60	0.03	0.01
-4.97	4.44	0.03	-0.03
-4.81	6.93	0.03	-0.12
-4.61	8.68	0.03	-0.03
-4.39	8.72	0.02	-0.10
-4.20	8.83	0.02	-0.10
-3.98	8.72	0.02	0.04
-3.76	8.83	0.02	-0.11
-3.54	9.69	0.01	-0.21
-3.31	9.59	0.01	-0.12
-3.11	8.85	0.01	0.04
-2.89	9.57	0.00	-0.12
-2.69	8.73	0.00	-0.15
-2.49	8.72	-0.00	-0.09
-2.34	7.01	-0.00	0.02
-2.18	6.97	-0.00	-0.11
-2.04	6.12	-0.01	-0.09
-1.94	4.39	-0.01	-0.02
-1.86	3.50	-0.01	0.06
-1.82	1.78	-0.01	0.03
-1.80	0.89	-0.01	0.05
-1.80	0.02	-0.01	0.02
-1.84	-1.71	-0.01	0.03
-1.92	-2.60	-0.01	0.03
-2.00	-3.59	-0.01	0.03
-2.14	-6.06	-0.00	0.02
-2.30	-6.96	-0.00	-0.02
-2.43	-6.12	-0.00	0.05
-2.55	-4.39	0.00	0.02
-2.67	-5.33	0.00	0.01
-2.75	-3.52	0.00	0.02
-2.87	-4.34	0.00	0.04
-2.99	-5.33	0.00	0.11
-3.11	-5.23	0.01	0.00
-3.23	-5.23	0.01	0.05
-3.33	-3.52	0.01	0.01
-3.40	-3.60	0.01	0.02
-3.50	-4.34	0.01	0.04
-3.60	-4.36	0.01	-0.00
-3.70	-4.36	0.01	-0.01
-3.80	-4.36	0.01	0.04
-3.88	-3.50	0.01	0.03
-3.94	-2.63	0.01	0.02
-4.02	-3.47	0.01	0.01
-4.08	-2.63	0.01	0.02
-4.16	-3.47	0.01	0.01
-4.24	-3.49	0.01	0.08
-4.33	-4.34	0.01	0.02
-4.43	-4.36	0.01	0.03
-4.53	-4.36	0.01	0.03
-4.65	-5.21	0.01	0.02
-4.77	-5.23	0.01	0.03
-4.89	-5.23	0.01	0.08
-5.05	-6.94	0.01	0.17
-5.21	-6.97	0.01	0.04
-5.38	-7.83	0.02	0.16
-5.54	-6.99	0.02	0.02
-5.70	-6.97	0.02	0.13
-5.84	-6.12	0.02	0.04
-5.98	-6.10	0.02	0.11
-6.10	-5.25	0.02	0.03
-6.21	-5.23	0.03	0.03
-6.29	-3.52	0.03	0.05
-6.33	-1.78	0.03	0.02
-6.37	-1.74	0.03	0.10
-6.39	-0.89	0.03	0.03
-6.41	-0.87	0.03	0.01
-6.41	-0.02	0.03	0.02
-6.41	-0.00	0.03	0.03
-6.37	1.71	0.03	0.03
-6.33	1.74	0.03	0.03
-6.27	2.60	0.03	0.04
-6.21	2.61	0.03	0.05
-6.12	4.33	0.02	-0.12
-6.02	4.36	0.02	-0.09
-5.94	3.50	0.02	0.02
-5.84	4.34	0.02	0.05
-5.74	4.36	0.02	-0.12
-5.62	5.21	0.02	0.02
-5.52	4.37	0.01	-0.11
-5.40	4.36	0.01	0.03
-5.30	4.47	0.01	-0.09
-5.23	3.50	0.01	0.01
-5.15	3.49	0.01	0.06
-5.05	3.60	0.01	-0.12
-4.99	2.63	0.01	-0.03
-4.93	2.62	0.01	-0.05
-4.87	2.62	0.01	0.03
-4.81	2.61	0.01	-0.08
-4.77	1.76	0.00	0.02
-4.75	0.89	0.00	-0.07
-4.75	0.02	0.00	0.04
-4.75	0.00	0.00	0.01
-4.75	0.00	0.00	0.03
-4.77	-0.86	0.01	0.02
-4.81	-1.73	0.00	0.00
-4.85	-1.74	0.00	-0.00
-4.91	-2.60	0.00	-0.00
-4.97	-2.61	0.00	0.06
-5.07	-4.33	0.01	0.03
-5.17	-4.36	0.01	0.04
-5.24	-3.50	0.01	0.18
-5.32	-3.49	0.01	0.01
-5.42	-4.34	0.01	-0.10
-5.52	-4.36	0.01	0.07
-5.56	-1.79	0.01	0.01
-5.58	-0.89	0.02	0.01
-5.62	-1.73	0.01	-0.00
-5.64	-0.89	0.01	0.02
-5.66	-0.87	0.01	0.02
-5.70	-1.73	0.02	-0.05
-5.72	-0.89	0.02	0.03
-5.72	-0.02	0.02	0.02
-5.68	1.71	0.02	-0.02
-5.62	2.60	0.02	0.02
-5.56	2.61	0.02	0.04
-5.50	2.61	0.02	0.02
-5.42	2.73	0.02	0.01
-5.34	3.47	0.02	0.02
-5.26	3.49	0.01	-0.10
-5.17	4.34	0.01	0.00
-5.09	3.50	0.01	-0.12
-4.99	3.49	0.01	0.04
-4.93	2.75	0.01	-0.10
-4.85	3.47	0.01	0.20
-4.83	0.92	0.01	0.01
-4.81	0.87	0.01	0.03
-4.85	-1.70	0.01	0.03
-4.89	-1.74	0.01	0.12
-4.95	-2.60	0.01	0.00
-5.03	-3.47	0.01	-0.06
-5.13	-4.34	0.01	0.15
-5.21	-3.50	0.01	0.10
-5.28	-3.49	0.01	0.20
-5.42	-6.05	0.01	0.02
-5.54	-5.25	0.02	0.15
-5.66	-5.23	0.02	0.17
-5.78	-4.49	0.02	0.02
-5.90	-5.22	0.02	0.09
-5.96	-1.81	0.03	0.11
-5.98	-1.00	0.03	-0.05
-6.00	-0.87	0.03	0.04
-5.98	0.84	0.03	-0.03
-5.92	2.58	0.03	-0.18
-5.78	6.04	0.03	0.03
-5.62	6.96	0.03	0.01
-5.42	8.68	0.02	-0.10
-5.23	8.72	0.02	-0.08
-5.03	8.72	0.02	-0.12
-4.81	8.72	0.01	-0.20
-4.61	8.83	0.01	-0.10
-4.39	9.57	0.01	-0.11
-4.18	9.59	0.00	-0.12
-3.98	8.73	0.00	-0.09
-3.78	7.98	-0.00	-0.12
-3.62	6.99	-0.00	-0.11
-3.50	5.26	-0.01	-0.09
-3.38	4.37	-0.01	0.00
-3.34	1.91	-0.01	-0.11
-3.31	1.01	-0.01	0.01
-3.31	0.02	-0.01	0.04
-3.36	-2.57	-0.01	0.02
-3.44	-3.47	-0.01	0.01
-3.58	-6.05	-0.01	0.04
-3.76	-6.96	-0.01	0.03
-3.96	-8.80	-0.01	0.21
-4.26	-13.00	-0.00	0.16
-4.55	-13.07	0.00	0.17
-4.89	-14.79	0.00	0.19
-5.21	-13.96	0.01	0.16
-5.52	-13.95	0.01	0.16
-5.86	-13.95	0.02	0.18
-6.14	-12.35	0.02	0.16
-6.41	-12.21	0.02	0.06
-6.69	-12.20	0.03	0.20
-6.93	-10.49	0.02	0.01
-7.14	-9.60	0.03	0.14
-7.34	-8.73	0.03	0.05
-7.52	-7.86	0.03	0.07
-7.66	-6.13	0.03	0.03
-7.78	-4.39	0.03	0.10
-7.90	-5.33	0.03	0.03
-8.00	-4.38	0.04	0.04
-8.09	-4.36	0.04	0.03
-8.11	-0.94	0.04	-0.03
-8.13	-0.87	0.04	0.08
-8.11	0.84	0.04	-0.04
-8.08	1.73	0.04	0.03
-7.98	3.57	0.03	-0.18
-7.86	5.20	0.03	-0.10
-7.72	6.09	0.03	-0.11
-7.56	6.22	0.02	-0.11
-7.38	6.96	0.02	-0.11
-7.22	7.09	0.02	-0.11
-7.07	6.98	0.01	-0.11
-6.91	6.97	0.01	-0.25
-6.77	6.12	0.00	-0.14
-6.67	4.39	0.00	-0.07
-6.55	4.36	0.00	-0.07
-6.47	3.62	-0.00	-0.12
-6.41	2.63	-0.00	-0.10
-6.41	0.05	-0.00	0.02
-6.45	-1.71	-0.01	0.05
-6.53	-3.45	-0.01	0.01
-6.65	-5.20	-0.01	-0.05
-6.83	-7.80	-0.01	0.03
-7.07	-10.41	-0.01	0.05
-7.36	-12.17	-0.01	0.16
-7.70	-14.89	0.00	0.25
-8.11	-18.24	0.00	0.18
-8.55	-19.16	0.01	0.15
-8.99	-17.58	0.01	0.18
-9.38	-16.70	0.02	0.16
-9.78	-17.54	0.02	0.15
-10.13	-15.72	0.03	0.18
-10.49	-15.69	0.03	0.18
-10.81	-13.98	0.04	0.20
-11.10	-13.09	0.04	0.15
-11.40	-13.08	0.04	0.15
-11.66	-11.36	0.04	0.04
-11.90	-10.48	0.04	0.21
-12.09	-8.75	0.05	0.15
-12.27	-7.86	0.05	-0.04
-12.43	-6.99	0.05	0.18
-12.53	-4.41	0.05	-0.03
-12.59	-2.65	0.05	0.03
-12.61	-0.90	0.05	-0.05
-12.59	0.84	0.05	0.02
-12.51	3.44	0.05	-0.05
-12.39	5.20	0.05	-0.07
-12.23	6.94	0.04	-0.04
-12.05	7.83	0.04	-0.12
-11.86	8.70	0.04	-0.05
-11.66	8.72	0.04	-0.11
-11.46	8.72	0.03	-0.10
-11.26	8.72	0.03	-0.11
-11.06	8.72	0.03	-0.07
-10.87	8.72	0.03	0.00
-10.67	7.86	0.02	-0.10
-10.49	7.96	0.02	-0.11
-10.31	7.85	0.02	-0.11
-10.15	6.99	0.02	0.01
-10.01	6.12	0.02	0.04
-9.88	6.10	0.01	-0.13
-9.76	5.25	0.01	0.02
-9.64	5.23	0.02	0.03
-9.56	3.52	0.01	0.12
-9.48	3.49	0.01	0.02
-9.44	1.78	0.01	0.10
-9.44	0.03	0.01	0.02
-9.46	-0.86	0.01	0.00
-9.50	-1.73	0.01	0.02
-9.54	-1.74	0.02	0.14
-9.60	-2.60	0.02	0.02
-9.64	-1.76	0.02	0.02
-9.66	-0.89	0.02	0.14
-9.66	-0.02	0.02	0.04
-9.66	-0.00	0.03	0.02
-9.66	-0.00	0.03	0.04
-9.64	0.86	0.03	0.13
-9.60	1.73	0.03	0.00
-9.58	0.89	0.03	0.06
-9.50	2.58	0.03	0.02
-9.44	2.73	0.03	-0.01
-9.34	4.33	0.03	0.03
-9.22	5.21	0.03	0.05
-9.10	4.37	0.03	0.01
-8.99	5.33	0.03	0.01
-8.83	6.94	0.03	0.01
-8.65	7.83	0.03	-0.10
-8.45	8.70	0.03	0.03
-8.21	10.43	0.03	0.04
-7.96	10.46	0.03	-0.11
-7.70	11.43	0.02	-0.13
-7.42	12.19	0.02	-0.13
-7.13	13.06	0.02	-0.11
-6.83	13.07	0.01	-0.12
-6.55	12.22	0.01	0.00
-6.27	12.20	0.01	0.03
-6.04	10.49	0.01	-0.10
-5.82	8.75	0.01	0.02
-5.62	8.83	0.00	-0.10
-5.44	7.86	0.00	-0.06
-5.26	7.85	0.00	-0.09
-5.09	7.84	0.00	0.02
-4.95	6.13	0.00	0.07
-4.83	5.25	0.00	0.04
-4.75	3.52	0.00	0.02
-4.69	2.63	0.00	0.02
-4.63	2.62	0.00	-0.03
-4.59	1.76	0.00	-0.00
-4.55	1.74	0.00	0.01
-4.53	0.89	0.00	0.00
-4.51	0.87	0.00	-0.03
-4.51	0.02	0.00	0.03
-4.53	-0.86	0.00	-0.01
-4.55	-0.87	0.00	-0.05
-4.61	-2.58	0.00	0.03
-4.65	-1.76	0.00	0.04
-4.67	-0.89	0.01	0.02
-4.71	-1.73	0.01	0.02
-4.75	-1.74	0.00	0.00
-4.77	-0.89	0.00	0.04
-4.85	-3.44	0.00	0.03
-4.95	-4.34	0.01	0.02
-5.07	-5.21	0.01	0.07
-5.15	-3.52	0.01	0.01
-5.26	-4.34	0.01	0.05
-5.36	-4.47	0.01	0.16
-5.50	-6.07	0.01	0.03
-5.66	-6.96	0.01	0.16
-5.82	-6.97	0.01	0.02
-5.98	-6.97	0.02	0.03
-6.14	-6.97	0.02	0.01
-6.25	-5.26	0.02	0.00
-6.35	-4.37	0.02	0.03
-6.47	-5.21	0.02	0.03
-6.59	-5.23	0.02	0.02
-6.71	-5.23	0.02	0.01
-6.83	-5.23	0.02	0.05
-6.91	-3.52	0.02	0.05
-6.99	-3.49	0.02	0.06
-7.07	-3.49	0.02	0.05
-7.16	-4.34	0.02	0.03
-7.26	-4.36	0.02	0.08
-7.38	-5.21	0.02	0.04
-7.50	-5.23	0.02	0.01
-7.62	-5.23	0.02	0.02
-7.72	-4.37	0.02	0.03
-7.84	-5.21	0.02	0.10
-7.98	-6.09	0.02	0.02
-8.11	-6.10	0.02	0.04
-8.27	-6.96	0.02	0.07
-8.41	-6.12	0.02	0.05
-8.55	-6.10	0.02	0.02
-8.67	-5.25	0.02	0.03
-8.79	-5.23	0.03	-0.04
-8.91	-4.37	0.02	0.04
-9.01	-4.47	0.02	0.04
-9.12	-5.22	0.02	0.04
-9.24	-5.23	0.03	0.17
-9.36	-5.23	0.03	0.06
-9.50	-6.09	0.03	0.04
-9.64	-6.10	0.03	0.04
-9.76	-5.25	0.03	0.06
-9.90	-6.09	0.03	0.17
-10.03	-6.10	0.03	0.00
-10.17	-6.10	0.03	-0.09
-10.27	-4.39	0.03	0.03
-10.33	-2.65	0.03	-0.07
-10.39	-2.62	0.03	0.04
-10.43	-1.76	0.03	0.02
-10.47	-1.74	0.03	0.01
-10.49	-0.89	0.03	0.00
-10.49	-0.02	0.03	0.02
-10.49	-0.00	0.03	0.03
-10.49	-0.00	0.03	0.02
-10.47	0.86	0.03	-0.01
-10.45	0.87	0.03	0.05
-10.43	0.87	0.03	-0.02
-10.41	0.87	0.02	-0.06
-10.41	0.02	0.02	0.08
-10.47	-2.57	0.02	-0.05
-10.53	-2.61	0.02	0.02
-10.57	-1.76	0.03	0.07
-10.61	-1.74	0.02	-0.04
-10.65	-1.74	0.02	0.00
-10.71	-2.60	0.02	0.14
-10.79	-3.47	0.02	-0.02
-10.87	-3.49	0.02	0.04
-10.96	-4.34	0.02	0.03
-11.06	-3.50	0.03	0.16
-11.16	-3.60	0.03	0.03
-11.26	-4.46	0.03	0.14
-11.34	-3.50	0.03	-0.03
-11.42	-3.49	0.03	0.17
-11.48	-2.63	0.03	0.04
-11.52	-1.76	0.04	-0.05
-11.54	-0.89	0.03	0.05
-11.54	-0.02	0.04	0.04
-11.50	1.71	0.04	0.03
-11.44	2.60	0.03	0.03
-11.38	2.61	0.04	0.02
-11.30	3.47	0.04	0.04
-11.22	3.49	0.04	0.02
-11.10	5.20	0.03	0.00
-10.96	6.09	0.04	0.04
-10.81	6.10	0.03	0.02
-10.65	7.07	0.04	0.01
-10.45	8.69	0.03	-0.19
-10.21	10.43	0.03	0.02
-9.96	11.32	0.03	-0.08
-9.70	11.33	0.03	-0.10
-9.44	11.33	0.02	-0.11
-9.18	11.33	0.02	-0.10
-8.95	10.48	0.02	-0.09
-8.73	9.60	0.02	0.03
-8.51	9.59	0.01	-0.09
-8.31	8.73	0.01	-0.05
-8.13	7.86	0.01	-0.09
-7.96	7.85	0.01	0.03
-7.80	6.99	0.01	-0.12
-7.66	6.12	0.01	0.00
-7.52	6.10	0.01	0.04
-7.40	5.25	0.01	0.03
-7.32	3.52	0.01	0.01
-7.22	3.49	0.01	0.02
-7.18	1.89	0.01	0.02
-7.13	2.60	0.01	0.06
-7.09	1.76	0.01	0.03
-7.09	0.03	0.01	0.08
-7.09	0.00	0.01	0.04
-7.13	-1.71	0.01	0.03
-7.20	-3.45	0.01	0.16
-7.28	-3.49	0.01	0.15
-7.38	-4.34	0.02	0.17
-7.46	-3.50	0.02	0.15
-7.54	-3.49	0.02	0.02
-7.64	-4.34	0.02	0.05
-7.68	-1.79	0.03	0.07
-7.68	-0.03	0.03	0.05
-7.68	-0.00	0.03	0.03
-7.64	1.71	0.03	0.03
-7.56	3.45	0.03	0.01
-7.44	4.34	0.03	0.03
-7.32	5.33	0.03	0.04
-7.16	6.94	0.03	0.10
-7.01	6.97	0.03	0.03
-6.83	7.83	0.03	0.01
-6.63	7.84	0.03	-0.10
-6.43	8.82	0.02	-0.11
-6.21	9.57	0.02	0.03
-6.00	9.59	0.02	-0.02
-5.76	10.44	0.02	-0.05
-5.58	7.89	0.02	0.06
-5.40	7.11	0.01	-0.10
-5.23	7.83	0.01	0.02
-5.09	6.13	0.01	-0.10
-4.91	6.96	0.01	-0.03
-4.77	6.23	0.01	0.02
-4.59	7.82	0.01	-0.13
-4.41	7.84	0.01	0.03
-4.26	6.99	0.00	-0.11
-4.10	6.97	0.00	0.01
-3.96	6.12	0.00	-0.15
-3.82	6.10	0.00	0.02
-3.70	5.25	0.00	0.02
-3.60	4.37	-0.00	-0.11
-3.50	4.36	-0.00	0.04
-3.44	2.65	-0.00	0.14
-3.40	1.76	-0.00	0.01
-3.40	0.03	-0.00	0.02
-3.44	-1.71	-0.00	0.04
-3.50	-2.60	-0.00	0.07
-3.60	-4.33	-0.00	0.03
-3.72	-5.21	0.00	0.17
-3.86	-6.09	0.00	0.16
-4.02	-6.96	0.01	0.00
-4.18	-6.97	0.01	0.08
-4.31	-6.12	0.01	0.01
-4.41	-4.39	0.01	-0.06
-4.47	-2.65	0.01	0.01
-4.55	-3.47	0.01	0.04
-4.57	-0.92	0.01	-0.00
-4.59	-0.87	0.01	0.00
-4.59	-0.02	0.01	0.10
-4.63	-1.71	0.01	-0.08
-4.65	-0.89	0.01	0.05
-4.67	-0.87	0.01	-0.06
-4.67	-0.02	0.01	0.01
-4.65	0.86	0.01	-0.12
-4.61	1.73	0.01	0.00
-4.59	0.89	0.01	-0.11
-4.57	0.87	0.00	-0.11
-4.57	0.02	0.00	0.01
-4.59	-0.86	0.00	-0.14
-4.63	-1.73	0.00	-0.04
-4.65	-0.89	0.00	-0.05
-4.71	-2.58	-0.00	-0.10
-4.77	-2.61	-0.00	0.16
-4.91	-6.04	-0.00	0.02
-5.09	-7.81	-0.00	-0.01
-5.26	-7.84	-0.00	0.00
-5.48	-9.56	-0.00	-0.03
-5.70	-9.59	-0.00	0.01
-5.96	-11.30	-0.00	0.01
-6.23	-12.19	-0.00	0.06
-6.57	-13.91	0.00	0.16
-6.93	-14.92	0.00	0.15
-7.30	-16.65	0.01	0.17
-7.70	-17.42	0.01	0.18
-8.13	-18.29	0.01	0.17
-8.57	-19.28	0.01	0.15
-9.03	-19.18	0.02	0.13
-9.48	-19.29	0.03	0.32
-9.94	-20.15	0.03	0.17
-10.39	-20.05	0.03	0.14
-10.83	-19.19	0.04	0.15
-11.24	-18.32	0.04	0.04
-11.60	-15.00	0.04	0.05
-11.91	-13.97	0.04	0.15
-12.19	-12.24	0.04	0.01
-12.43	-10.49	0.04	-0.03
-12.67	-9.72	0.04	0.04
-12.86	-8.74	0.04	0.03
-13.06	-8.72	0.05	0.00
-13.22	-7.01	0.04	0.01
-13.34	-5.26	0.04	0.01
-13.46	-5.23	0.04	-0.01
-13.52	-2.66	0.04	0.03
-13.58	-2.62	0.04	0.02
-13.62	-1.76	0.04	-0.11
-13.64	-0.89	0.04	-0.13
-13.64	-0.02	0.04	0.08
-13.66	-0.86	0.04	-0.22
-13.68	-0.87	0.04	-0.07
-13.62	2.55	0.03	-0.13
-13.58	1.76	0.03	-0.09
-13.52	2.60	0.02	-0.11
-13.48	1.76	0.02	-0.10
-13.50	-0.82	0.02	-0.03
-13.52	-0.87	0.02	-0.11
-13.52	-0.02	0.02	-0.11
-13.56	-1.71	0.02	-0.00
-13.64	-3.45	0.02	-0.01
-13.72	-2.63	0.02	0.02
-13.81	-4.44	0.02	0.01
-13.93	-5.22	0.02	0.04
-14.09	-6.94	0.02	0.01
-14.29	-7.09	0.02	0.00
-14.49	-8.80	0.02	0.02
-14.73	-10.43	0.02	0.13
-14.98	-11.32	0.02	0.20
-15.26	-12.19	0.03	0.15
-15.56	-13.06	0.03	0.22
-15.87	-13.93	0.03	0.14
-16.21	-14.80	0.04	0.29
-16.55	-13.96	0.04	0.20
-16.88	-14.06	0.04	0.06
-17.20	-14.06	0.05	0.28
-17.26	-1.90	0.05	-0.12
-17.42	-2.82	0.05	0.12
-17.61	-7.23	0.05	0.01
-17.81	-9.54	0.06	0.15
-18.03	-9.85	0.06	0.13
-18.23	-10.75	0.06	0.11
-18.43	-10.01	0.07	0.17
-18.62	-9.91	0.07	0.18
-18.82	-9.90	0.07	0.16
-19.04	-10.75	0.08	0.16
-19.24	-10.01	0.08	0.27
-19.44	-9.91	0.09	0.17
-19.63	-9.90	0.10	0.28
-19.83	-9.90	0.10	0.30
-20.05	-10.75	0.11	0.34
-20.21	-10.01	0.11	0.17
-20.37	-8.20	0.12	0.40
0.00	-7.96	0.12	0.32
-0.02	879.45	0.13	0.29
0.42	118.13	0.13	0.43
1.03	34.81	0.13	0.10
1.64	31.24	0.13	-0.01
2.24	30.75	0.13	-0.02
2.85	29.83	0.13	-0.09
3.44	30.56	0.13	-0.03
4.06	29.81	0.13	-0.09
4.67	31.42	0.13	-0.07
5.26	29.92	0.13	-0.00
5.88	30.58	0.12	0.01
6.47	29.81	0.12	-0.14
7.11	30.56	0.12	0.07
7.68	30.66	0.12	-0.27
8.29	28.96	0.12	0.01
8.89	30.45	0.12	0.00
9.50	30.65	0.12	-0.10
10.09	29.82	0.12	0.13
10.71	29.71	0.12	0.06
11.30	30.55	0.11	-0.22
11.91	30.66	0.11	-0.29
12.51	29.82	0.10	-0.18
13.12	29.71	0.10	-0.26
13.72	30.55	0.09	-0.18
14.33	29.80	0.10	-0.30
14.92	30.56	0.09	-0.14
15.54	29.81	0.08	-0.22
16.15	30.56	0.08	-0.12
16.74	30.66	0.08	-0.15
17.36	29.82	0.07	-0.29
17.95	30.56	0.07	-0.13
18.56	30.66	0.06	-0.32
19.16	29.82	0.06	-0.16
19.77	30.56	0.05	-0.29
20.37	29.81	0.04	-0.14
20.41	29.70	0.04	-0.43
20.43	5.73	0.05	-0.10
20.43	1.63	0.06	0.33
20.41	0.22	0.07	0.52
20.43	-0.83	0.08	0.38
20.43	0.74	0.09	0.44
20.43	0.10	0.09	0.26
20.43	0.01	0.09	0.34
20.43	0.00	0.10	0.15
20.43	0.00	0.10	0.16
20.43	0.00	0.10	-0.05
20.43	0.00	0.10	0.07
20.43	0.00	0.10	0.00
20.43	0.00	0.10	0.01
20.43	0.00	0.10	-0.01
20.43	0.00	0.10	0.00
20.43	0.00	0.09	0.01
20.43	0.00	0.09	-0.12
20.43	0.00	0.09	-0.17
20.43	0.00	0.08	-0.29
20.43	0.00	0.07	-0.16
20.43	0.00	0.07	-0.29
20.43	0.00	0.07	-0.31
20.43	0.00	0.06	-0.16
0.00	0.00	0.06	-0.15
0.00	-119.48	0.06	-0.21
-0.06	-4.75	0.06	0.03
0.00	2.48	0.05	-0.11
0.10	4.32	0.05	-0.13
0.10	0.08	0.05	-0.10
0.06	-1.71	0.04	-0.10
-0.02	-3.45	0.04	-0.19
-0.14	-4.34	0.04	0.02
-0.34	-7.90	0.04	-0.05
-1.17	-35.34	0.06	0.65
-1.86	-29.86	0.07	0.71
-2.47	-27.19	0.09	0.92
-2.91	-19.32	0.10	0.67
-3.23	-14.05	0.11	0.44
-3.38	-7.10	0.12	0.29
-3.36	0.73	0.12	0.16
-3.09	11.14	0.12	0.00
-2.63	19.15	0.11	-0.24
-1.98	27.85	0.10	-0.48
-1.17	35.71	0.08	-0.80
-0.20	40.99	0.06	-0.94
0.83	44.51	0.04	-1.06
1.86	44.57	0.01	-1.18
2.85	42.86	-0.02	-1.21
3.80	40.38	-0.05	-1.07
4.59	34.23	-0.07	-1.11
5.26	28.98	-0.09	-0.81
5.76	21.18	-0.10	-0.52
6.10	14.19	-0.11	-0.53
6.23	5.51	-0.12	-0.24
6.19	-1.49	-0.12	-0.10
5.92	-12.01	-0.12	0.02
5.44	-20.76	-0.11	0.46
4.73	-31.19	-0.10	0.69
3.86	-36.63	-0.08	0.85
2.87	-42.72	-0.06	0.99
1.86	-43.68	-0.03	1.10
0.81	-44.67	-0.00	1.10
-0.18	-42.86	0.02	1.25
-1.11	-40.26	0.05	1.09
-1.94	-35.94	0.07	0.97
-2.65	-30.72	0.09	0.72
-3.15	-22.07	0.11	0.60
-3.44	-13.24	0.12	0.32
-3.50	-2.81	0.12	0.16
-3.36	5.08	0.12	0.03
-3.01	15.61	0.12	-0.15
-2.43	23.51	0.10	-0.73
-1.70	32.21	0.08	-0.84
-0.81	37.50	0.06	-0.91
0.14	41.88	0.03	-1.10
1.09	41.10	0.01	-1.05
2.02	40.23	-0.02	-0.99
2.87	35.94	-0.04	-1.00
3.62	32.43	-0.06	-0.78
4.28	28.95	-0.07	-0.64
4.81	22.89	-0.09	-0.55
5.15	14.97	-0.09	-0.28
5.34	7.98	-0.10	-0.13
5.36	1.12	-0.10	-0.13
5.19	-7.68	-0.10	0.01
4.85	-14.69	-0.10	0.04
4.33	-22.52	-0.09	0.33
3.70	-26.20	-0.08	0.57
2.97	-32.26	-0.07	0.56
2.14	-35.67	-0.05	0.69
1.25	-38.42	-0.04	0.71
0.32	-40.18	-0.02	0.85
-0.65	-41.93	0.00	0.75
-1.60	-40.36	0.02	0.84
-2.51	-40.22	0.04	0.66
-3.33	-34.22	0.06	0.72
-4.04	-30.69	0.07	0.58
-4.59	-23.78	0.08	0.55
-5.01	-18.52	0.09	0.43
-5.28	-12.32	0.10	0.33
-5.42	-6.22	0.10	0.19
-5.38	1.60	0.11	0.04
-5.19	8.59	0.11	0.12
-4.79	17.27	0.11	0.02
-4.22	23.54	0.10	-0.36
-3.52	30.50	0.08	-0.47
-2.69	35.76	0.07	-0.52
-1.76	39.28	0.06	-0.63
-0.77	42.76	0.04	-0.77
0.24	43.68	0.02	-0.77
1.27	44.56	0.00	-0.75
2.28	43.72	-0.02	-0.79
3.23	41.13	-0.03	-0.63
4.10	38.52	-0.04	-0.50
4.91	34.19	-0.06	-0.47
5.60	29.84	-0.07	-0.53
6.18	25.48	-0.08	-0.37
6.63	20.15	-0.08	-0.25
6.97	14.06	-0.09	-0.23
7.14	8.07	-0.09	0.08
7.18	1.86	-0.09	0.02
7.09	-3.39	-0.09	0.06
6.85	-10.45	-0.09	0.15
6.45	-17.31	-0.08	0.38
5.92	-22.57	-0.07	0.45
5.32	-26.20	-0.06	0.58
4.61	-29.69	-0.04	0.41
3.90	-30.61	-0.03	0.70
3.19	-31.48	-0.01	0.58
2.45	-31.50	0.00	0.62
1.74	-29.79	0.01	0.62
1.13	-26.33	0.03	0.56
0.55	-24.56	0.04	0.57
0.04	-21.96	0.05	0.45
-0.40	-18.49	0.06	0.32
-0.69	-13.29	0.06	0.36
-0.91	-8.92	0.07	0.14
-1.03	-5.30	0.07	0.06
-1.03	-0.10	0.07	0.04
-0.91	5.13	0.07	0.01
-0.67	10.36	0.06	-0.24
-0.34	14.74	0.06	-0.24
0.10	18.36	0.05	-0.39
0.61	21.73	0.04	-0.39
1.17	23.62	0.03	-0.37
1.74	25.36	0.02	-0.41
2.32	25.28	0.00	-0.51
2.89	24.42	-0.00	-0.39
3.44	23.67	-0.01	-0.35
3.94	21.94	-0.02	-0.29
4.41	19.34	-0.03	-0.25
4.81	17.58	-0.04	-0.38
5.17	15.72	-0.04	-0.09
5.44	12.27	-0.05	-0.25
5.66	9.64	-0.05	0.08
5.78	5.31	-0.05	-0.10
5.82	1.81	-0.05	-0.01
5.82	0.03	-0.05	0.04
5.72	-4.28	-0.05	0.18
5.52	-7.78	-0.04	0.14
5.24	-12.24	-0.04	0.17
4.93	-13.92	-0.04	0.35
4.55	-16.51	-0.03	0.30
4.12	-18.27	-0.02	0.25
3.76	-15.85	-0.01	0.26
3.36	-17.40	-0.00	0.33
3.03	-14.87	0.00	0.23
2.71	-13.11	0.01	0.26
2.43	-12.34	0.01	0.22
2.18	-11.35	0.02	0.17
1.98	-8.76	0.02	0.17
1.82	-7.01	0.02	0.16
1.70	-5.26	0.02	0.06
1.62	-3.52	0.03	0.02
1.56	-2.63	0.03	0.04
1.60	1.66	0.03	0.02
1.68	3.45	0.03	0.03
1.80	5.20	0.02	-0.24
1.98	7.80	0.02	-0.10
2.20	9.56	0.02	-0.10
2.47	10.56	0.01	-0.25
2.75	12.29	0.00	-0.21
3.03	12.20	0.00	-0.11
3.31	11.35	-0.00	-0.24
3.56	11.45	-0.01	-0.09
3.82	11.33	-0.01	-0.25
4.06	10.48	-0.02	-0.10
4.26	8.75	-0.02	-0.16
4.43	7.86	-0.02	-0.14
4.59	6.99	-0.03	-0.03
4.69	4.41	-0.03	0.01
4.75	2.65	-0.03	-0.00
4.79	1.76	-0.03	-0.09
4.81	0.89	-0.03	-0.00
4.77	-1.70	-0.03	0.01
4.69	-3.45	-0.03	0.02
4.57	-5.20	-0.03	0.04
4.41	-6.94	-0.03	0.21
4.20	-9.54	-0.02	0.16
3.94	-11.30	-0.02	0.17
3.70	-10.48	-0.01	0.32
3.44	-11.32	-0.00	0.16
3.19	-11.33	-0.00	0.19
2.99	-8.76	0.01	0.29
2.79	-8.72	0.01	0.09
2.61	-7.86	0.01	0.20
2.47	-6.13	0.02	0.21
2.39	-3.54	0.02	-0.05
2.38	-0.92	0.02	0.16
2.38	-0.02	0.02	0.02
2.43	2.57	0.02	0.14
2.53	3.59	0.02	-0.00
2.63	4.34	0.02	0.04
2.79	6.93	0.02	0.02
2.97	7.83	0.02	0.03
3.19	8.70	0.02	-0.19
3.46	12.25	0.01	-0.40
3.78	13.06	0.01	-0.09
4.14	15.76	0.00	-0.24
4.51	16.55	-0.00	-0.18
4.85	14.85	-0.01	-0.20
5.19	13.22	-0.02	-0.30
5.48	12.34	-0.02	-0.17
5.76	12.32	-0.03	-0.24
6.04	12.21	-0.03	-0.09
6.27	10.49	-0.03	-0.10
6.47	8.75	-0.04	-0.20
6.61	6.15	-0.04	-0.11
6.73	5.25	-0.04	0.08
6.79	2.66	-0.04	-0.11
6.81	0.90	-0.04	0.02
6.77	-1.69	-0.04	-0.01
6.65	-5.17	-0.04	0.00
6.49	-6.94	-0.04	0.01
6.25	-9.54	-0.04	0.19
6.00	-11.41	-0.03	0.30
5.66	-13.16	-0.03	0.28
5.32	-14.90	-0.02	0.28
4.95	-16.53	-0.01	0.28
4.57	-15.71	-0.00	0.32
4.22	-15.81	0.00	0.23
3.86	-14.84	0.01	0.17
3.60	-11.51	0.01	0.17
3.38	-8.88	0.01	0.16
3.21	-7.86	0.02	0.13
3.05	-6.13	0.02	0.16
2.95	-4.51	0.02	0.15
2.89	-2.65	0.02	0.03
2.89	-0.05	0.02	0.05
2.91	0.85	0.02	-0.00
2.99	3.44	0.02	-0.06
3.11	5.20	0.02	-0.09
3.29	6.94	0.02	-0.12
3.48	8.80	0.01	-0.21
3.72	9.57	0.01	-0.09
3.96	9.70	0.00	-0.27
4.20	10.56	-0.00	-0.25
4.45	11.32	-0.01	-0.25
4.69	9.62	-0.02	-0.24
4.89	8.85	-0.02	-0.07
5.07	7.01	-0.03	-0.26
5.19	5.38	-0.03	-0.11
5.28	4.38	-0.03	-0.11
5.32	1.79	-0.03	0.03
5.30	-0.82	-0.03	0.00
5.26	-1.73	-0.03	-0.05
5.17	-4.31	-0.03	-0.01
5.07	-4.36	-0.03	0.03
4.91	-6.93	-0.03	0.06
4.71	-8.68	-0.03	0.01
4.45	-10.43	-0.03	0.03
4.16	-13.14	-0.03	0.14
3.80	-15.64	-0.02	0.30
3.42	-16.54	-0.02	0.16
3.01	-18.27	-0.01	0.15
2.63	-16.59	-0.01	0.13
2.28	-14.11	-0.00	0.17
1.94	-14.07	-0.00	0.24
1.60	-14.92	0.00	0.17
1.25	-15.68	0.01	0.14
0.93	-13.98	0.01	0.02
0.63	-12.35	0.01	0.04
0.38	-10.61	0.01	0.04
0.18	-8.75	0.02	0.16
0.00	-7.86	0.02	0.03
-0.16	-6.99	0.02	0.04
-0.30	-6.12	0.02	0.17
-0.42	-5.25	0.02	0.05
-0.51	-4.37	0.02	0.01
-0.59	-3.50	0.02	0.07
-0.67	-2.75	0.02	0.02
-0.73	-2.62	0.02	0.01
-0.75	-0.90	0.02	0.03
-0.77	-0.87	0.02	0.02
-0.73	1.70	0.02	0.03
-0.63	4.31	0.02	0.03
-0.49	5.33	0.02	0.01
-0.32	7.80	0.02	-0.11
-0.10	9.56	0.01	-0.22
0.12	9.59	0.01	-0.11
0.34	9.59	0.00	-0.24
0.55	9.59	0.00	0.02
0.73	7.88	-0.00	-0.14
0.91	7.11	-0.00	-0.08
1.05	6.12	-0.00	0.03
1.19	6.10	-0.01	-0.18
1.31	4.39	-0.01	-0.11
1.41	4.47	-0.01	0.00
1.48	3.50	-0.01	0.03
1.56	3.49	-0.01	-0.11
1.60	1.78	-0.01	0.03
1.62	0.89	-0.01	0.03
1.64	0.87	-0.01	0.05
1.62	-0.84	-0.02	-0.10
1.56	-2.58	-0.02	0.04
1.44	-5.18	-0.02	0.03
1.31	-6.08	-0.02	0.08
1.13	-7.81	-0.02	0.06
0.87	-11.27	-0.01	0.00
0.59	-12.19	-0.01	0.19
0.32	-11.46	-0.00	0.19
0.00	-13.16	-0.00	0.17
-0.28	-11.37	0.00	0.27
-0.53	-11.45	0.01	0.28
-0.77	-10.48	0.02	0.14
-0.99	-9.60	0.02	0.18
-1.13	-6.17	0.03	0.33
-1.25	-5.25	0.03	0.02
-1.33	-2.66	0.03	0.16
-1.31	0.69	0.03	0.01
-1.25	2.58	0.03	0.03
-1.13	5.18	0.03	0.06
-0.99	6.08	0.03	0.01
-0.79	8.67	0.03	0.07
-0.55	10.43	0.03	-0.13
-0.26	13.03	0.03	0.03
0.06	13.93	0.02	-0.24
0.38	13.09	0.02	-0.05
0.69	13.19	0.01	-0.03
0.97	12.34	0.01	-0.25
1.27	13.06	0.01	-0.17
1.60	13.19	-0.00	-0.26
1.92	14.05	-0.00	-0.10
2.24	13.09	-0.01	-0.23
2.51	12.34	-0.01	-0.07
2.77	11.35	-0.02	-0.23
2.99	9.62	-0.03	-0.18
3.15	7.02	-0.03	-0.10
3.25	4.41	-0.03	-0.12
3.29	1.79	-0.04	-0.06
3.29	0.03	-0.04	-0.11
3.21	-3.42	-0.04	0.05
3.03	-6.91	-0.04	0.04
2.79	-9.66	-0.04	-0.02
2.51	-12.27	-0.04	0.02
2.14	-15.74	-0.04	0.08
1.68	-19.11	-0.04	0.16
1.17	-22.71	-0.03	0.29
0.57	-25.23	-0.03	0.16
-0.04	-27.10	-0.02	0.31
-0.71	-28.73	-0.01	0.31
-1.37	-28.88	0.00	0.45
-2.00	-27.91	0.01	0.43
-2.61	-27.04	0.02	0.29
-3.21	-25.43	0.03	0.31
-3.74	-21.97	0.04	0.42
-4.22	-21.06	0.04	0.17
-4.67	-19.21	0.04	0.26
-5.05	-15.87	0.05	0.14
-5.36	-14.10	0.05	0.13
-5.60	-10.53	0.06	0.15
-5.78	-7.89	0.05	0.01
-5.90	-4.54	0.05	0.03
-5.96	-2.65	0.05	0.02
-5.96	-0.05	0.05	0.03
-5.88	3.42	0.05	-0.06
-5.72	6.91	0.05	-0.24
-5.48	9.54	0.05	-0.11
-5.23	11.41	0.04	-0.22
-4.91	13.90	0.03	-0.45
-4.55	15.66	0.02	-0.24
-4.20	15.69	0.01	-0.38
-3.84	15.69	0.01	-0.26
-3.50	14.83	-0.00	-0.40
-3.19	13.96	-0.01	-0.24
-2.91	12.24	-0.01	-0.24
-2.69	9.64	-0.02	-0.24
-2.53	7.02	-0.02	-0.08
-2.43	4.41	-0.02	0.04
-2.41	0.94	-0.03	-0.10
-2.41	0.02	-0.03	0.01
-2.51	-4.28	-0.03	0.03
-2.67	-6.92	-0.02	0.16
-2.89	-9.54	-0.02	0.14
-3.15	-11.30	-0.01	0.32
-3.46	-13.16	-0.00	0.30
-3.82	-14.79	0.00	0.25
-4.12	-13.22	0.01	0.31
-4.43	-13.08	0.02	0.30
-4.73	-12.34	0.02	0.33
-4.97	-9.75	0.03	0.33
-5.17	-8.85	0.04	0.30
-5.32	-7.01	0.04	0.22
-5.46	-5.38	0.04	0.31
-5.56	-4.38	0.05	0.15
-5.60	-1.79	0.05	0.01
-5.58	0.82	0.05	0.17
-5.50	3.44	0.05	0.02
-5.34	6.91	0.05	0.05
-5.13	9.54	0.05	0.00
-4.85	12.15	0.05	-0.11
-4.49	14.03	0.04	-0.24
-4.10	17.49	0.04	-0.27
-3.66	19.15	0.03	-0.25
-3.19	20.15	0.02	-0.40
-2.71	20.91	0.01	-0.26
-2.22	20.92	0.01	-0.45
-1.74	21.04	-0.00	-0.39
-1.27	20.07	-0.01	-0.32
-0.85	17.60	-0.02	-0.24
-0.49	15.84	-0.03	-0.25
-0.18	13.24	-0.03	-0.25
0.08	11.37	-0.04	-0.10
0.26	7.91	-0.04	-0.11
0.38	4.42	-0.04	0.04
0.40	1.05	-0.04	-0.11
0.38	-1.58	-0.04	0.01
0.26	-5.16	-0.04	-0.08
0.10	-6.94	-0.04	0.13
-0.14	-10.40	-0.03	0.30
-0.44	-13.03	-0.03	0.07
-0.79	-15.64	-0.02	0.32
-1.11	-13.98	-0.01	0.45
-1.46	-14.92	-0.01	0.29
-1.84	-15.68	0.00	0.29
-2.20	-15.81	0.01	0.32
-2.53	-13.98	0.02	0.37
-2.81	-12.35	0.03	0.36
-3.07	-10.49	0.03	0.18
-3.29	-9.72	0.04	0.17
-3.42	-6.17	0.04	0.14
-3.50	-3.54	0.04	0.17
-3.54	-1.78	0.04	0.01
-3.52	0.82	0.04	0.08
-3.44	2.58	0.04	0.02
-3.34	4.44	0.04	0.02
-3.17	7.78	0.04	0.01
-2.93	10.41	0.04	-0.13
-2.65	12.17	0.03	-0.28
-2.30	14.89	0.03	-0.27
-1.92	16.53	0.02	-0.39
-1.50	17.42	0.01	-0.23
-1.07	18.40	0.00	-0.39
-0.63	19.28	-0.00	-0.29
-0.22	18.32	-0.01	-0.36
0.18	17.45	-0.02	-0.24
0.53	15.72	-0.03	-0.39
0.83	13.12	-0.03	-0.14
1.09	11.36	-0.04	-0.25
1.27	7.91	-0.04	-0.05
1.39	5.28	-0.04	-0.14
1.43	1.81	-0.04	0.04
1.39	-1.68	-0.04	0.02
1.27	-5.16	-0.04	0.03
1.07	-8.65	-0.04	0.03
0.79	-11.28	-0.03	0.30
0.46	-14.87	-0.03	0.28
0.04	-17.50	-0.02	0.43
-0.40	-19.15	-0.01	0.28
-0.85	-20.03	-0.00	0.31
-1.29	-18.45	0.01	0.50
-1.74	-20.02	0.01	0.41
-2.18	-18.45	0.02	0.44
-2.59	-17.57	0.03	0.42
-2.95	-15.72	0.04	0.29
-3.25	-13.12	0.04	0.35
-3.48	-10.51	0.05	0.15
-3.66	-7.89	0.05	0.15
-3.76	-4.42	0.05	-0.04
-3.74	0.77	0.05	0.03
-3.62	5.15	0.05	0.04
-3.44	7.80	0.05	-0.08
-3.21	10.41	0.05	-0.11
-2.91	13.03	0.04	-0.27
-2.53	16.50	0.04	-0.26
-2.14	17.42	0.03	-0.29
-1.68	20.00	0.02	-0.37
-1.21	20.05	0.01	-0.39
-0.75	20.16	0.00	-0.39
-0.30	19.19	-0.00	-0.40
0.12	18.44	-0.01	-0.24
0.51	16.60	-0.02	-0.27
0.81	13.26	-0.03	-0.22
1.05	10.51	-0.03	-0.13
1.23	7.89	-0.03	-0.12
1.33	4.42	-0.04	-0.10
1.39	1.91	-0.03	-0.07
1.37	-0.82	-0.04	0.05
1.29	-3.44	-0.04	0.03
1.15	-6.05	-0.04	-0.01
0.95	-8.67	-0.03	0.16
0.67	-11.28	-0.03	0.15
0.36	-14.01	-0.02	0.31
0.00	-14.80	-0.02	0.31
-0.38	-15.79	-0.01	0.44
-0.77	-16.66	-0.00	0.28
-1.21	-19.25	0.00	0.30
-1.62	-17.58	0.01	0.44
-2.02	-17.44	0.02	0.30
-2.39	-15.72	0.03	0.31
-2.73	-14.09	0.04	0.33
-2.99	-10.64	0.04	0.14
-3.19	-8.01	0.04	0.09
-3.31	-5.40	0.04	0.19
-3.38	-2.67	0.04	0.02
-3.38	-0.16	0.05	0.01
-3.34	1.71	0.05	0.09
-3.23	5.17	0.05	0.02
-3.01	8.77	0.04	-0.10
-2.73	11.28	0.04	-0.06
-2.43	13.16	0.04	-0.19
-2.08	15.64	0.03	-0.24
-1.72	15.69	0.02	-0.24
-1.35	16.55	0.01	-0.39
-0.95	16.68	0.01	-0.27
-0.57	16.56	-0.00	-0.35
-0.22	15.71	-0.01	-0.29
0.12	14.83	-0.01	-0.24
0.44	13.11	-0.02	-0.25
0.69	11.48	-0.03	-0.22
0.91	9.62	-0.03	-0.09
1.05	6.17	-0.03	-0.12
1.13	3.54	-0.03	0.04
1.15	0.92	-0.03	-0.11
1.11	-0.84	-0.04	0.02
1.01	-4.41	-0.03	-0.03
0.81	-8.64	-0.03	0.07
0.57	-10.43	-0.03	0.27
0.28	-13.03	-0.02	0.15
-0.08	-14.79	-0.01	0.25
-0.42	-14.93	-0.01	0.32
-0.77	-15.68	-0.00	0.29
-1.15	-15.69	0.00	0.31
-1.50	-15.81	0.01	0.45
-1.86	-15.69	0.02	0.29
-2.22	-14.83	0.02	0.38
-2.55	-14.08	0.03	0.26
-2.83	-12.35	0.04	0.30
-3.09	-11.35	0.04	0.30
-3.27	-7.91	0.04	0.15
-3.38	-5.28	0.05	0.16
-3.44	-2.66	0.05	0.14
-3.46	-0.90	0.05	-0.02
-3.42	1.69	0.05	0.03
-3.31	5.17	0.05	0.03
-3.13	6.94	0.05	0.05
-2.89	10.51	0.04	-0.12
-2.59	13.03	0.04	-0.08
-2.30	13.07	0.03	-0.28
-1.96	14.79	0.03	-0.25
-1.58	16.53	0.02	-0.24
-1.21	16.56	0.01	-0.23
-0.83	16.56	0.01	-0.14
-0.48	14.97	0.00	-0.25
-0.14	14.82	-0.00	-0.24
0.18	13.96	-0.01	-0.25
0.48	13.09	-0.02	-0.16
0.69	9.65	-0.02	-0.24
0.85	7.02	-0.02	-0.04
0.97	5.26	-0.03	-0.10
1.05	3.52	-0.03	-0.05
1.09	1.78	-0.03	0.02
1.05	-1.68	-0.03	0.01
0.97	-3.45	-0.03	0.08
0.79	-7.76	-0.03	0.05
0.57	-9.55	-0.03	0.17
0.28	-12.27	-0.02	0.30
-0.06	-13.92	-0.01	0.27
-0.42	-14.92	-0.01	0.32
-0.79	-15.79	-0.00	0.30
-1.17	-16.66	0.01	0.22
-1.54	-15.71	0.01	0.28
-1.84	-13.24	0.02	0.15
-2.12	-12.22	0.02	0.20
-2.34	-9.64	0.03	0.30
-2.51	-7.88	0.03	0.15
-2.65	-6.13	0.04	0.02
-2.75	-4.39	0.04	0.05
-2.77	-0.94	0.04	0.08
-2.75	0.84	0.04	0.02
-2.65	4.29	0.04	-0.03
-2.47	7.78	0.04	0.01
-2.24	9.56	0.03	-0.26
-1.96	12.27	0.03	-0.12
-1.62	13.92	0.02	-0.24
-1.27	14.92	0.02	-0.24
-0.89	16.65	0.01	-0.24
-0.51	16.56	0.00	-0.37
-0.16	15.71	-0.00	-0.26
0.18	13.98	-0.01	-0.26
0.48	13.21	-0.02	-0.26
0.75	12.22	-0.02	-0.35
1.03	11.35	-0.03	-0.26
1.23	8.88	-0.03	-0.24
1.37	6.15	-0.04	-0.14
1.43	2.68	-0.04	-0.11
1.44	0.90	-0.04	-0.11
1.37	-3.41	-0.05	-0.13
1.21	-6.91	-0.05	0.01
0.95	-11.25	-0.05	-0.00
0.61	-14.75	-0.05	0.02
0.18	-18.36	-0.05	0.02
-0.36	-23.44	-0.04	0.43
-0.97	-26.10	-0.03	0.51
-1.64	-28.83	-0.02	0.55
-2.38	-31.45	-0.00	0.46
-3.13	-33.21	0.01	0.58
-3.84	-30.56	0.02	0.55
-4.53	-29.77	0.03	0.42
-5.17	-28.04	0.04	0.40
-5.72	-23.62	0.05	0.43
-6.19	-21.09	0.06	0.29
-6.59	-17.50	0.06	0.29
-6.91	-14.01	0.07	0.25
-7.13	-9.67	0.07	0.14
-7.22	-4.46	0.07	0.03
-7.22	-0.08	0.08	0.15
-7.16	2.57	0.08	0.04
-6.99	7.75	0.08	0.02
-6.71	12.12	0.07	-0.06
-6.33	16.48	0.07	-0.25
-5.88	19.98	0.06	-0.24
-5.34	22.61	0.05	-0.37
-4.77	25.35	0.04	-0.38
-4.16	26.14	0.03	-0.52
-3.56	25.41	0.01	-0.52
-2.99	24.54	-0.00	-0.66
-2.43	23.67	-0.01	-0.51
-1.94	21.09	-0.03	-0.52
-1.52	18.47	-0.04	-0.46
-1.21	13.29	-0.04	-0.19
-1.01	8.80	-0.05	-0.22
-0.91	4.44	-0.06	-0.12
-0.97	-2.49	-0.06	0.04
-1.15	-7.75	-0.06	0.06
-1.44	-12.98	-0.05	0.30
-1.86	-18.21	-0.04	0.44
-2.36	-21.73	-0.03	0.46
-2.93	-25.21	-0.02	0.54
-3.56	-26.25	-0.01	0.57
-4.20	-27.12	0.01	0.53
-4.81	-27.14	0.02	0.64
-5.38	-24.57	0.03	0.62
-5.92	-22.81	0.04	0.56
-6.43	-21.07	0.05	0.43
-6.83	-17.62	0.06	0.43
-7.16	-14.13	0.07	0.44
-7.42	-10.53	0.08	0.09
-7.52	-4.59	0.08	0.19
-7.52	-0.08	0.08	0.02
-7.38	5.99	0.08	0.01
-7.13	11.23	0.08	0.01
-6.77	14.75	0.08	-0.24
-6.29	20.07	0.07	-0.32
-5.74	24.44	0.06	-0.41
-5.07	27.95	0.05	-0.43
-4.33	31.43	0.04	-0.50
-3.56	33.21	0.02	-0.64
-2.77	34.10	0.01	-0.64
-2.00	33.26	-0.01	-0.84
-1.29	30.67	-0.03	-0.62
-0.63	28.06	-0.04	-0.69
-0.08	23.73	-0.05	-0.51
0.38	19.38	-0.07	-0.52
0.69	14.16	-0.08	-0.36
0.87	7.96	-0.08	-0.15
0.91	1.86	-0.08	0.04
0.81	-4.24	-0.08	0.06
0.55	-11.20	-0.08	0.05
0.16	-17.32	-0.08	0.16
-0.40	-24.28	-0.07	0.42
-1.09	-29.54	-0.06	0.44
-1.88	-34.03	-0.05	0.42
-2.77	-38.39	-0.04	0.64
-3.72	-41.04	-0.02	0.55
-4.77	-44.62	-0.01	0.44
-5.84	-46.29	-0.00	0.45
-6.91	-46.32	0.00	0.28
-7.98	-46.32	0.01	0.26
-9.10	-48.14	0.02	0.30
-10.21	-48.06	0.02	0.33
-11.32	-48.06	0.03	0.17
-12.47	-49.77	0.04	0.27
-13.60	-48.21	0.04	0.43
-14.71	-47.32	0.05	0.22
-15.77	-46.33	0.06	0.32
-16.76	-43.75	0.07	0.31
-17.67	-38.57	0.07	0.30
-17.99	-6.07	0.08	-0.11
-18.07	-14.51	0.07	0.27
-18.27	-5.39	0.07	-0.24
-18.49	-10.14	0.06	-0.30
-18.68	-10.78	0.06	-0.18
-18.90	-9.16	0.06	-0.16
-19.10	-10.65	0.06	-0.01
-19.30	-10.00	0.05	-0.14
-19.51	-10.77	0.05	-0.14
-19.71	-10.01	0.05	-0.16
-19.87	-9.91	0.04	-0.15
-20.03	-8.19	0.04	-0.28
0.00	-7.95	0.03	-0.17
0.14	864.90	0.02	-0.40
0.57	123.01	-0.00	-0.47
1.21	35.47	-0.03	-1.14
1.84	32.18	-0.06	-1.18
2.45	32.59	-0.09	-1.48
3.07	30.08	-0.12	-1.54
3.70	30.60	-0.16	-1.67
4.29	31.52	-0.19	-1.69
4.91	29.94	-0.23	-1.83
5.52	30.58	-0.27	-1.81
6.12	30.66	-0.31	-1.86
6.73	29.82	-0.35	-1.98
7.34	30.56	-0.39	-1.98
7.94	30.66	-0.43	-2.14
8.55	29.82	-0.48	-2.05
9.14	30.56	-0.52	-2.23
9.74	29.81	-0.56	-2.17
10.35	30.56	-0.61	-2.13
10.94	29.81	-0.66	-2.28
11.54	29.70	-0.70	-2.43
12.15	30.55	-0.75	-2.30
12.75	29.80	-0.80	-2.33
13.34	29.70	-0.84	-2.38
13.95	30.55	-0.89	-2.23
14.55	29.80	-0.93	-2.33
15.16	30.56	-0.98	-2.27
15.77	29.81	-1.02	-2.30
16.39	30.56	-1.07	-2.17
16.98	30.66	-1.11	-2.16
17.60	29.82	-1.15	-2.00
18.19	30.56	-1.18	-2.02
18.80	30.66	-1.22	-1.85
19.40	29.82	-1.26	-1.93
19.99	29.71	-1.29	-1.76
20.60	30.55	-1.33	-1.70
20.66	29.80	-1.36	-1.79
20.68	6.60	-1.39	-1.60
20.64	1.75	-1.42	-1.43
20.68	-1.47	-1.44	-1.52
20.66	1.51	-1.47	-1.49
20.64	-0.65	-1.50	-1.43
20.64	-0.94	-1.52	-1.24
20.60	-0.13	-1.54	-1.11
20.60	-1.73	-1.56	-1.07
20.60	-0.23	-1.58	-0.95
20.60	-0.03	-1.60	-0.81
20.58	-0.00	-1.62	-1.14
20.58	-0.86	-1.64	-0.93
20.56	-0.12	-1.66	-1.09
20.54	-0.87	-1.68	-1.04
20.54	-0.97	-1.70	-0.92
20.52	-0.13	-1.73	-1.21
20.52	-0.87	-1.75	-1.10
20.52	-0.12	-1.77	-1.14
20.52	-0.02	-1.79	-1.15
20.52	-0.00	-1.82	-1.07
20.52	-0.00	-1.84	-1.32
20.52	-0.00	-1.86	-1.01
20.52	-0.00	-1.89	-1.17
0.00	-0.00	-1.91	-1.13
0.00	-887.37	-1.93	-1.06
0.00	-120.06	-1.95	-1.05
0.00	-16.24	-1.98	-1.32
0.00	-2.20	-2.00	-1.14
0.00	-0.30	-2.02	-1.13
0.00	-0.04	-2.04	-1.05
0.00	-0.01	-2.06	-1.05
0.00	-0.00	-2.08	-0.95
0.00	-0.00	-2.10	-1.07
0.00	-0.00	-2.12	-0.92
0.00	-0.00	-2.14	-0.92
0.00	-0.00	-2.16	-0.89
0.00	-0.00	-2.17	-0.97
0.00	-0.00	-2.19	-0.98
0.00	-0.00	-2.21	-0.85
0.00	-0.00	-2.23	-0.91
0.00	-0.00	-2.25	-1.07
0.00	-0.00	-2.27	-1.06
0.00	-0.00	-2.30	-1.12
0.00	-0.00	-2.32	-1.04
0.00	-0.00	-2.34	-1.19
0.00	-0.00	-2.36	-1.09
0.00	-0.00	-2.38	-0.96
0.00	-0.00	-2.40	-1.05
0.00	-0.00	-2.42	-0.95
0.00	-0.00	-2.44	-1.11
0.00	-0.00	-2.46	-1.01
0.00	-0.00	-2.48	-0.92
0.00	-0.00	-2.50	-1.04
0.00	-0.00	-2.53	-1.10
0.00	-0.00	-2.55	-1.06
0.00	-0.00	-2.57	-0.94
0.00	-0.00	-2.59	-1.07
0.00	-0.00	-2.60	-0.93
0.00	-0.00	-2.62	-0.92
0.00	-0.00	-2.64	-0.92
0.00	-0.00	-2.66	-1.05
0.00	-0.00	-2.68	-1.09
0.00	-0.00	-2.70	-0.92
0.00	-0.00	-2.72	-1.08
0.00	-0.00	-2.74	-0.91
0.00	-0.00	-2.77	-1.07
0.00	-0.00	-2.78	-1.06
0.00	-0.00	-2.80	-0.95
0.00	-0.00	-2.82	-0.93
0.00	-0.00	-2.84	-0.93
0.00	-0.00	-2.85	-0.78
0.00	-0.00	-2.87	-0.78
0.00	-0.00	-2.88	-0.75
0.00	-0.00	-2.90	-0.77
0.00	-0.00	-2.91	-0.76
0.00	-0.00	-2.93	-0.77
0.00	-0.00	-2.94	-0.64
0.00	-0.00	-2.95	-0.59
0.00	-0.00	-2.96	-0.64
0.00	-0.00	-2.97	-0.46
0.00	-0.00	-2.98	-0.47
0.00	-0.00	-2.98	-0.44
0.00	-0.00	-2.99	-0.37
0.00	-0.00	-3.00	-0.28
0.00	-0.00	-3.01	-0.34
0.00	-0.00	-3.01	-0.40
0.00	-0.00	-3.02	-0.33
0.00	-0.00	-3.03	-0.32
0.00	-0.00	-3.03	-0.41
0.00	-0.00	-3.04	-0.24
0.00	-0.00	-3.04	-0.24
0.00	-0.00	-3.05	-0.32
0.00	-0.00	-3.05	-0.30
0.00	-0.00	-3.05	-0.19
0.00	-0.00	-3.06	-0.12
0.00	-0.00	-3.06	-0.18
0.00	-0.00	-3.06	-0.17
0.00	-0.00	-3.07	-0.12
0.00	-0.00	-3.07	-0.18
0.00	-0.00	-3.07	-0.01
0.00	-0.00	-3.07	-0.14
0.00	-0.00	-3.08	-0.17
0.00	-0.00	-3.08	-0.14
0.00	-0.00	-3.08	-0.03
0.00	-0.00	-3.08	-0.12
0.00	-0.00	-3.08	-0.02
0.00	-0.00	-3.08	-0.02
0.00	-0.00	-3.08	-0.13
0.00	-0.00	-3.08	-0.00
0.00	-0.00	-3.08	-0.03
0.00	-0.00	-3.08	0.03
0.00	-0.00	-3.08	-0.03
0.00	-0.00	-3.08	0.02
0.00	-0.00	-3.08	0.01
0.00	-0.00	-3.08	0.00
0.00	-0.00	-3.08	-0.02
0.00	-0.00	-3.08	0.01
0.00	-0.00	-3.08	0.23
0.00	-0.00	-3.08	-0.04
0.00	-0.00	-3.08	-0.02
0.00	-0.00	-3.07	0.13
0.00	-0.00	-3.07	0.13
0.00	-0.00	-3.07	0.04
0.00	-0.00	-3.07	0.14
0.00	-0.00	-3.06	0.15
0.00	-0.00	-3.06	0.13
0.00	-0.00	-3.06	0.04
0.00	-0.00	-3.06	0.14
0.00	-0.00	-3.05	0.13
0.00	-0.00	-3.05	0.17
0.00	-0.00	-3.05	0.14
0.00	-0.00	-3.05	0.00
0.00	-0.00	-3.05	0.14
0.00	-0.00	-3.04	0.22
0.00	-0.00	-3.04	0.11
0.00	-0.00	-3.04	0.13
0.00	-0.00	-3.03	0.02
0.00	-0.00	-3.04	0.17
0.00	-0.00	-3.03	-0.00
0.00	-0.00	-3.03	0.13
0.00	-0.00	-3.03	0.02
0.00	-0.00	-3.03	0.13
0.00	-0.00	-3.03	0.02
0.00	-0.00	-3.03	0.00
0.00	-0.00	-3.03	0.00
0.00	-0.00	-3.03	0.15
0.00	-0.00	-3.03	-0.00
0.00	-0.00	-3.03	0.01
0.00	-0.00	-3.03	-0.02
0.00	-0.00	-3.03	0.02
0.00	-0.00	-3.03	-0.01
0.00	-0.00	-3.03	-0.02
0.00	-0.00	-3.03	0.01
0.00	-0.00	-3.03	0.02
0.00	-0.00	-3.03	-0.03
0.00	-0.00	-3.03	0.01
0.00	-0.00	-3.03	-0.13
0.00	-0.00	-3.03	-0.02
0.00	-0.00	-3.03	-0.12
0.00	-0.00	-3.03	-0.03
0.00	-0.00	-3.04	-0.14
0.00	-0.00	-3.04	-0.15
0.00	-0.00	-3.04	-0.15
0.00	-0.00	-3.04	-0.04
0.00	-0.00	-3.05	-0.13
0.00	-0.00	-3.05	-0.14
0.00	-0.00	-3.05	0.01
0.00	-0.00	-3.05	-0.15
0.00	-0.00	-3.05	-0.17
0.00	-0.00	-3.06	-0.04
0.00	-0.00	-3.06	-0.13
0.00	-0.00	-3.06	-0.13
0.00	-0.00	-3.06	-0.04
0.00	-0.00	-3.06	-0.13
0.00	-0.00	-3.07	-0.03
0.00	-0.00	-3.07	-0.12
0.00	-0.00	-3.07	-0.03
0.00	-0.00	-3.07	-0.09
0.00	-0.00	-3.07	-0.05
0.00	-0.00	-3.07	0.05
0.00	-0.00	-3.07	-0.04
0.00	-0.00	-3.07	-0.14
0.00	-0.00	-3.07	-0.02
0.00	-0.00	-3.07	-0.01
0.00	-0.00	-3.07	0.02
0.00	-0.00	-3.07	-0.00
0.00	-0.00	-3.07	-0.01
0.00	-0.00	-3.07	0.03
0.00	-0.00	-3.07	-0.02
0.00	-0.00	-3.07	-0.01
0.00	-0.00	-3.07	0.01
0.00	-0.00	-3.07	0.14
0.00	-0.00	-3.07	0.01
0.00	-0.00	-3.07	0.01
0.00	-0.00	-3.06	0.12
0.00	-0.00	-3.06	0.13
0.00	-0.00	-3.06	0.02
0.00	-0.00	-3.06	0.14
0.00	-0.00	-3.06	0.02
0.00	-0.00	-3.06	0.16
0.00	-0.00	-3.05	-0.15
0.00	-0.00	-3.05	0.28
0.00	-0.00	-3.05	0.15
0.00	-0.00	-3.05	0.01
0.00	-0.00	-3.05	0.15
0.00	-0.00	-3.05	0.02
0.00	-0.00	-3.04	0.16
0.00	-0.00	-3.04	0.00
0.00	-0.00	-3.04	0.15
0.00	-0.00	-3.04	0.00
0.00	-0.00	-3.04	0.15
0.00	-0.00	-3.04	0.00
0.00	-0.00	-3.04	0.14
0.00	-0.00	-3.04	0.01
0.00	-0.00	-3.03	0.00
0.00	-0.00	-3.03	0.12
0.00	-0.00	-3.03	0.02
0.00	-0.00	-3.03	-0.00
0.00	-0.00	-3.03	0.01
0.00	-0.00	-3.03	0.00
0.00	-0.00	-3.03	-0.01
0.00	-0.00	-3.03	-0.01
0.00	-0.00	-3.03	0.02
0.00	-0.00	-3.03	0.00
0.00	-0.00	-3.03	0.01
0.00	-0.00	-3.03	-0.01
0.00	-0.00	-3.03	0.01
0.00	-0.00	-3.03	-0.00
0.00	-0.00	-3.03	-0.00
0.00	-0.00	-3.03	0.00
0.00	-0.00	-3.04	-0.14
0.00	-0.00	-3.04	-0.02
0.00	-0.00	-3.04	-0.10
0.00	-0.00	-3.04	-0.04
0.00	-0.00	-3.04	-0.15
0.00	-0.00	-3.04	0.02
0.00	-0.00	-3.04	-0.18
0.00	-0.00	-3.05	-0.00
0.00	-0.00	-3.05	-0.11
0.00	-0.00	-3.05	-0.03
0.00	-0.00	-3.05	0.02
0.00	-0.00	-3.05	-0.15
0.00	-0.00	-3.05	-0.01
0.00	-0.00	-3.05	-0.14
0.00	-0.00	-3.06	-0.06
0.00	-0.00	-3.06	-0.10
0.00	-0.00	-3.06	-0.03
0.00	-0.00	-3.06	-0.13
0.00	-0.00	-3.06	-0.02
0.00	-0.00	-3.06	-0.00
0.00	-0.00	-3.06	-0.15
0.00	-0.00	-3.06	0.01
0.00	-0.00	-3.06	-0.00
0.00	-0.00	-3.06	-0.00
0.00	-0.00	-3.06	-0.01
0.00	-0.00	-3.06	-0.00
0.00	-0.00	-3.06	0.04
0.00	-0.00	-3.06	0.11
0.00	-0.00	-3.06	-0.09
0.00	-0.00	-3.06	-0.07
0.00	-0.00	-3.06	0.03
0.00	-0.00	-3.06	0.01
0.00	-0.00	-3.06	0.00
0.00	-0.00	-3.06	-0.01
0.00	-0.00	-3.06	0.00
0.00	-0.00	-3.06	0.02
0.00	-0.00	-3.06	0.00
0.00	-0.00	-3.06	0.08
0.00	-0.00	-3.06	0.03
0.00	-0.00	-3.06	0.01
0.00	-0.00	-3.06	0.14
0.00	-0.00	-3.05	-0.02
0.00	-0.00	-3.05	0.17
0.00	-0.00	-3.05	0.00
0.00	-0.00	-3.05	0.07
0.00	-0.00	-3.05	0.06
0.00	-0.00	-3.05	0.00
0.00	-0.00	-3.05	0.03
0.00	-0.00	-3.05	0.16
0.00	-0.00	-3.05	-0.04
0.00	-0.00	-3.04	0.17
0.00	-0.00	-3.05	0.03
0.00	-0.00	-3.04	-0.01
0.00	-0.00	-3.04	0.13
0.00	-0.00	-3.04	0.03
0.00	-0.00	-3.04	-0.01
0.00	-0.00	-3.04	0.00
0.00	-0.00	-3.04	-0.04
0.00	-0.00	-3.04	0.04
0.00	-0.00	-3.04	0.15
0.00	-0.00	-3.04	0.01
0.00	-0.00	-3.04	0.02
0.00	-0.00	-3.04	-0.01
0.00	-0.00	-3.04	-0.00
0.00	-0.00	-3.04	0.01
0.00	-0.00	-3.04	0.10
0.00	-0.00	-3.04	-0.07
0.00	-0.00	-3.04	-0.04
0.00	-0.00	-3.04	-0.00
0.00	-0.00	-3.04	-0.00
0.00	-0.00	-3.04	0.02
0.00	-0.00	-3.04	0.01
0.00	-0.00	-3.04	-0.03
0.00	-0.00	-3.04	0.01
0.00	-0.00	-3.04	0.01
0.00	-0.00	-3.04	-0.01
0.00	-0.00	-3.04	0.02
0.00	-0.00	-3.04	-0.16
0.00	-0.00	-3.04	0.00
0.00	-0.00	-3.05	-0.01
0.00	-0.00	-3.05	-0.13
0.00	-0.00	-3.05	-0.0